[2019-10-04 04:56:19] local.ERROR: Class 'App\Http\Controllers\Quiz' not found {"exception":"[object] (Symfony\\Component\\Debug\\Exception\\FatalThrowableError(code: 0): Class 'App\\Http\\Controllers\\Quiz' not found at C:\\Users\\dentrodahistoria\\Desktop\\Honda Geral\\honda-quiz-formula-um\\gpquiz\\app\\Http\\Controllers\\RegisterController.php:114)
[stacktrace]
#0 [internal function]: App\\Http\\Controllers\\RegisterController->store()
#1 C:\\Users\\dentrodahistoria\\Desktop\\Honda Geral\\honda-quiz-formula-um\\gpquiz\\vendor\\laravel\\framework\\src\\Illuminate\\Routing\\Controller.php(54): call_user_func_array(Array, Array)
#2 C:\\Users\\dentrodahistoria\\Desktop\\Honda Geral\\honda-quiz-formula-um\\gpquiz\\vendor\\laravel\\framework\\src\\Illuminate\\Routing\\ControllerDispatcher.php(45): Illuminate\\Routing\\Controller->callAction('store', Array)
#3 C:\\Users\\dentrodahistoria\\Desktop\\Honda Geral\\honda-quiz-formula-um\\gpquiz\\vendor\\laravel\\framework\\src\\Illuminate\\Routing\\Route.php(219): Illuminate\\Routing\\ControllerDispatcher->dispatch(Object(Illuminate\\Routing\\Route), Object(App\\Http\\Controllers\\RegisterController), 'store')
#4 C:\\Users\\dentrodahistoria\\Desktop\\Honda Geral\\honda-quiz-formula-um\\gpquiz\\vendor\\laravel\\framework\\src\\Illuminate\\Routing\\Route.php(176): Illuminate\\Routing\\Route->runController()
#5 C:\\Users\\dentrodahistoria\\Desktop\\Honda Geral\\honda-quiz-formula-um\\gpquiz\\vendor\\laravel\\framework\\src\\Illuminate\\Routing\\Router.php(682): Illuminate\\Routing\\Route->run()
#6 C:\\Users\\dentrodahistoria\\Desktop\\Honda Geral\\honda-quiz-formula-um\\gpquiz\\vendor\\laravel\\framework\\src\\Illuminate\\Routing\\Pipeline.php(30): Illuminate\\Routing\\Router->Illuminate\\Routing\\{closure}(Object(Illuminate\\Http\\Request))
#7 C:\\Users\\dentrodahistoria\\Desktop\\Honda Geral\\honda-quiz-formula-um\\gpquiz\\vendor\\laravel\\framework\\src\\Illuminate\\Routing\\Middleware\\SubstituteBindings.php(41): Illuminate\\Routing\\Pipeline->Illuminate\\Routing\\{closure}(Object(Illuminate\\Http\\Request))
#8 C:\\Users\\dentrodahistoria\\Desktop\\Honda Geral\\honda-quiz-formula-um\\gpquiz\\vendor\\laravel\\framework\\src\\Illuminate\\Pipeline\\Pipeline.php(163): Illuminate\\Routing\\Middleware\\SubstituteBindings->handle(Object(Illuminate\\Http\\Request), Object(Closure))
#9 C:\\Users\\dentrodahistoria\\Desktop\\Honda Geral\\honda-quiz-formula-um\\gpquiz\\vendor\\laravel\\framework\\src\\Illuminate\\Routing\\Pipeline.php(53): Illuminate\\Pipeline\\Pipeline->Illuminate\\Pipeline\\{closure}(Object(Illuminate\\Http\\Request))
#10 C:\\Users\\dentrodahistoria\\Desktop\\Honda Geral\\honda-quiz-formula-um\\gpquiz\\vendor\\laravel\\framework\\src\\Illuminate\\Foundation\\Http\\Middleware\\VerifyCsrfToken.php(75): Illuminate\\Routing\\Pipeline->Illuminate\\Routing\\{closure}(Object(Illuminate\\Http\\Request))
#11 C:\\Users\\dentrodahistoria\\Desktop\\Honda Geral\\honda-quiz-formula-um\\gpquiz\\vendor\\laravel\\framework\\src\\Illuminate\\Pipeline\\Pipeline.php(163): Illuminate\\Foundation\\Http\\Middleware\\VerifyCsrfToken->handle(Object(Illuminate\\Http\\Request), Object(Closure))
#12 C:\\Users\\dentrodahistoria\\Desktop\\Honda Geral\\honda-quiz-formula-um\\gpquiz\\vendor\\laravel\\framework\\src\\Illuminate\\Routing\\Pipeline.php(53): Illuminate\\Pipeline\\Pipeline->Illuminate\\Pipeline\\{closure}(Object(Illuminate\\Http\\Request))
#13 C:\\Users\\dentrodahistoria\\Desktop\\Honda Geral\\honda-quiz-formula-um\\gpquiz\\vendor\\laravel\\framework\\src\\Illuminate\\View\\Middleware\\ShareErrorsFromSession.php(49): Illuminate\\Routing\\Pipeline->Illuminate\\Routing\\{closure}(Object(Illuminate\\Http\\Request))
#14 C:\\Users\\dentrodahistoria\\Desktop\\Honda Geral\\honda-quiz-formula-um\\gpquiz\\vendor\\laravel\\framework\\src\\Illuminate\\Pipeline\\Pipeline.php(163): Illuminate\\View\\Middleware\\ShareErrorsFromSession->handle(Object(Illuminate\\Http\\Request), Object(Closure))
#15 C:\\Users\\dentrodahistoria\\Desktop\\Honda Geral\\honda-quiz-formula-um\\gpquiz\\vendor\\laravel\\framework\\src\\Illuminate\\Routing\\Pipeline.php(53): Illuminate\\Pipeline\\Pipeline->Illuminate\\Pipeline\\{closure}(Object(Illuminate\\Http\\Request))
#16 C:\\Users\\dentrodahistoria\\Desktop\\Honda Geral\\honda-quiz-formula-um\\gpquiz\\vendor\\laravel\\framework\\src\\Illuminate\\Session\\Middleware\\StartSession.php(63): Illuminate\\Routing\\Pipeline->Illuminate\\Routing\\{closure}(Object(Illuminate\\Http\\Request))
#17 C:\\Users\\dentrodahistoria\\Desktop\\Honda Geral\\honda-quiz-formula-um\\gpquiz\\vendor\\laravel\\framework\\src\\Illuminate\\Pipeline\\Pipeline.php(163): Illuminate\\Session\\Middleware\\StartSession->handle(Object(Illuminate\\Http\\Request), Object(Closure))
#18 C:\\Users\\dentrodahistoria\\Desktop\\Honda Geral\\honda-quiz-formula-um\\gpquiz\\vendor\\laravel\\framework\\src\\Illuminate\\Routing\\Pipeline.php(53): Illuminate\\Pipeline\\Pipeline->Illuminate\\Pipeline\\{closure}(Object(Illuminate\\Http\\Request))
#19 C:\\Users\\dentrodahistoria\\Desktop\\Honda Geral\\honda-quiz-formula-um\\gpquiz\\vendor\\laravel\\framework\\src\\Illuminate\\Cookie\\Middleware\\AddQueuedCookiesToResponse.php(37): Illuminate\\Routing\\Pipeline->Illuminate\\Routing\\{closure}(Object(Illuminate\\Http\\Request))
#20 C:\\Users\\dentrodahistoria\\Desktop\\Honda Geral\\honda-quiz-formula-um\\gpquiz\\vendor\\laravel\\framework\\src\\Illuminate\\Pipeline\\Pipeline.php(163): Illuminate\\Cookie\\Middleware\\AddQueuedCookiesToResponse->handle(Object(Illuminate\\Http\\Request), Object(Closure))
#21 C:\\Users\\dentrodahistoria\\Desktop\\Honda Geral\\honda-quiz-formula-um\\gpquiz\\vendor\\laravel\\framework\\src\\Illuminate\\Routing\\Pipeline.php(53): Illuminate\\Pipeline\\Pipeline->Illuminate\\Pipeline\\{closure}(Object(Illuminate\\Http\\Request))
#22 C:\\Users\\dentrodahistoria\\Desktop\\Honda Geral\\honda-quiz-formula-um\\gpquiz\\vendor\\laravel\\framework\\src\\Illuminate\\Cookie\\Middleware\\EncryptCookies.php(66): Illuminate\\Routing\\Pipeline->Illuminate\\Routing\\{closure}(Object(Illuminate\\Http\\Request))
#23 C:\\Users\\dentrodahistoria\\Desktop\\Honda Geral\\honda-quiz-formula-um\\gpquiz\\vendor\\laravel\\framework\\src\\Illuminate\\Pipeline\\Pipeline.php(163): Illuminate\\Cookie\\Middleware\\EncryptCookies->handle(Object(Illuminate\\Http\\Request), Object(Closure))
#24 C:\\Users\\dentrodahistoria\\Desktop\\Honda Geral\\honda-quiz-formula-um\\gpquiz\\vendor\\laravel\\framework\\src\\Illuminate\\Routing\\Pipeline.php(53): Illuminate\\Pipeline\\Pipeline->Illuminate\\Pipeline\\{closure}(Object(Illuminate\\Http\\Request))
#25 C:\\Users\\dentrodahistoria\\Desktop\\Honda Geral\\honda-quiz-formula-um\\gpquiz\\vendor\\laravel\\framework\\src\\Illuminate\\Pipeline\\Pipeline.php(104): Illuminate\\Routing\\Pipeline->Illuminate\\Routing\\{closure}(Object(Illuminate\\Http\\Request))
#26 C:\\Users\\dentrodahistoria\\Desktop\\Honda Geral\\honda-quiz-formula-um\\gpquiz\\vendor\\laravel\\framework\\src\\Illuminate\\Routing\\Router.php(684): Illuminate\\Pipeline\\Pipeline->then(Object(Closure))
#27 C:\\Users\\dentrodahistoria\\Desktop\\Honda Geral\\honda-quiz-formula-um\\gpquiz\\vendor\\laravel\\framework\\src\\Illuminate\\Routing\\Router.php(659): Illuminate\\Routing\\Router->runRouteWithinStack(Object(Illuminate\\Routing\\Route), Object(Illuminate\\Http\\Request))
#28 C:\\Users\\dentrodahistoria\\Desktop\\Honda Geral\\honda-quiz-formula-um\\gpquiz\\vendor\\laravel\\framework\\src\\Illuminate\\Routing\\Router.php(625): Illuminate\\Routing\\Router->runRoute(Object(Illuminate\\Http\\Request), Object(Illuminate\\Routing\\Route))
#29 C:\\Users\\dentrodahistoria\\Desktop\\Honda Geral\\honda-quiz-formula-um\\gpquiz\\vendor\\laravel\\framework\\src\\Illuminate\\Routing\\Router.php(614): Illuminate\\Routing\\Router->dispatchToRoute(Object(Illuminate\\Http\\Request))
#30 C:\\Users\\dentrodahistoria\\Desktop\\Honda Geral\\honda-quiz-formula-um\\gpquiz\\vendor\\laravel\\framework\\src\\Illuminate\\Foundation\\Http\\Kernel.php(176): Illuminate\\Routing\\Router->dispatch(Object(Illuminate\\Http\\Request))
#31 C:\\Users\\dentrodahistoria\\Desktop\\Honda Geral\\honda-quiz-formula-um\\gpquiz\\vendor\\laravel\\framework\\src\\Illuminate\\Routing\\Pipeline.php(30): Illuminate\\Foundation\\Http\\Kernel->Illuminate\\Foundation\\Http\\{closure}(Object(Illuminate\\Http\\Request))
#32 C:\\Users\\dentrodahistoria\\Desktop\\Honda Geral\\honda-quiz-formula-um\\gpquiz\\vendor\\fideloper\\proxy\\src\\TrustProxies.php(57): Illuminate\\Routing\\Pipeline->Illuminate\\Routing\\{closure}(Object(Illuminate\\Http\\Request))
#33 C:\\Users\\dentrodahistoria\\Desktop\\Honda Geral\\honda-quiz-formula-um\\gpquiz\\vendor\\laravel\\framework\\src\\Illuminate\\Pipeline\\Pipeline.php(163): Fideloper\\Proxy\\TrustProxies->handle(Object(Illuminate\\Http\\Request), Object(Closure))
#34 C:\\Users\\dentrodahistoria\\Desktop\\Honda Geral\\honda-quiz-formula-um\\gpquiz\\vendor\\laravel\\framework\\src\\Illuminate\\Routing\\Pipeline.php(53): Illuminate\\Pipeline\\Pipeline->Illuminate\\Pipeline\\{closure}(Object(Illuminate\\Http\\Request))
#35 C:\\Users\\dentrodahistoria\\Desktop\\Honda Geral\\honda-quiz-formula-um\\gpquiz\\vendor\\laravel\\framework\\src\\Illuminate\\Foundation\\Http\\Middleware\\TransformsRequest.php(31): Illuminate\\Routing\\Pipeline->Illuminate\\Routing\\{closure}(Object(Illuminate\\Http\\Request))
#36 C:\\Users\\dentrodahistoria\\Desktop\\Honda Geral\\honda-quiz-formula-um\\gpquiz\\vendor\\laravel\\framework\\src\\Illuminate\\Pipeline\\Pipeline.php(163): Illuminate\\Foundation\\Http\\Middleware\\TransformsRequest->handle(Object(Illuminate\\Http\\Request), Object(Closure))
#37 C:\\Users\\dentrodahistoria\\Desktop\\Honda Geral\\honda-quiz-formula-um\\gpquiz\\vendor\\laravel\\framework\\src\\Illuminate\\Routing\\Pipeline.php(53): Illuminate\\Pipeline\\Pipeline->Illuminate\\Pipeline\\{closure}(Object(Illuminate\\Http\\Request))
#38 C:\\Users\\dentrodahistoria\\Desktop\\Honda Geral\\honda-quiz-formula-um\\gpquiz\\vendor\\laravel\\framework\\src\\Illuminate\\Foundation\\Http\\Middleware\\TransformsRequest.php(31): Illuminate\\Routing\\Pipeline->Illuminate\\Routing\\{closure}(Object(Illuminate\\Http\\Request))
#39 C:\\Users\\dentrodahistoria\\Desktop\\Honda Geral\\honda-quiz-formula-um\\gpquiz\\vendor\\laravel\\framework\\src\\Illuminate\\Pipeline\\Pipeline.php(163): Illuminate\\Foundation\\Http\\Middleware\\TransformsRequest->handle(Object(Illuminate\\Http\\Request), Object(Closure))
#40 C:\\Users\\dentrodahistoria\\Desktop\\Honda Geral\\honda-quiz-formula-um\\gpquiz\\vendor\\laravel\\framework\\src\\Illuminate\\Routing\\Pipeline.php(53): Illuminate\\Pipeline\\Pipeline->Illuminate\\Pipeline\\{closure}(Object(Illuminate\\Http\\Request))
#41 C:\\Users\\dentrodahistoria\\Desktop\\Honda Geral\\honda-quiz-formula-um\\gpquiz\\vendor\\laravel\\framework\\src\\Illuminate\\Foundation\\Http\\Middleware\\ValidatePostSize.php(27): Illuminate\\Routing\\Pipeline->Illuminate\\Routing\\{closure}(Object(Illuminate\\Http\\Request))
#42 C:\\Users\\dentrodahistoria\\Desktop\\Honda Geral\\honda-quiz-formula-um\\gpquiz\\vendor\\laravel\\framework\\src\\Illuminate\\Pipeline\\Pipeline.php(163): Illuminate\\Foundation\\Http\\Middleware\\ValidatePostSize->handle(Object(Illuminate\\Http\\Request), Object(Closure))
#43 C:\\Users\\dentrodahistoria\\Desktop\\Honda Geral\\honda-quiz-formula-um\\gpquiz\\vendor\\laravel\\framework\\src\\Illuminate\\Routing\\Pipeline.php(53): Illuminate\\Pipeline\\Pipeline->Illuminate\\Pipeline\\{closure}(Object(Illuminate\\Http\\Request))
#44 C:\\Users\\dentrodahistoria\\Desktop\\Honda Geral\\honda-quiz-formula-um\\gpquiz\\vendor\\laravel\\framework\\src\\Illuminate\\Foundation\\Http\\Middleware\\CheckForMaintenanceMode.php(62): Illuminate\\Routing\\Pipeline->Illuminate\\Routing\\{closure}(Object(Illuminate\\Http\\Request))
#45 C:\\Users\\dentrodahistoria\\Desktop\\Honda Geral\\honda-quiz-formula-um\\gpquiz\\vendor\\laravel\\framework\\src\\Illuminate\\Pipeline\\Pipeline.php(163): Illuminate\\Foundation\\Http\\Middleware\\CheckForMaintenanceMode->handle(Object(Illuminate\\Http\\Request), Object(Closure))
#46 C:\\Users\\dentrodahistoria\\Desktop\\Honda Geral\\honda-quiz-formula-um\\gpquiz\\vendor\\laravel\\framework\\src\\Illuminate\\Routing\\Pipeline.php(53): Illuminate\\Pipeline\\Pipeline->Illuminate\\Pipeline\\{closure}(Object(Illuminate\\Http\\Request))
#47 C:\\Users\\dentrodahistoria\\Desktop\\Honda Geral\\honda-quiz-formula-um\\gpquiz\\vendor\\laravel\\framework\\src\\Illuminate\\Pipeline\\Pipeline.php(104): Illuminate\\Routing\\Pipeline->Illuminate\\Routing\\{closure}(Object(Illuminate\\Http\\Request))
#48 C:\\Users\\dentrodahistoria\\Desktop\\Honda Geral\\honda-quiz-formula-um\\gpquiz\\vendor\\laravel\\framework\\src\\Illuminate\\Foundation\\Http\\Kernel.php(151): Illuminate\\Pipeline\\Pipeline->then(Object(Closure))
#49 C:\\Users\\dentrodahistoria\\Desktop\\Honda Geral\\honda-quiz-formula-um\\gpquiz\\vendor\\laravel\\framework\\src\\Illuminate\\Foundation\\Http\\Kernel.php(116): Illuminate\\Foundation\\Http\\Kernel->sendRequestThroughRouter(Object(Illuminate\\Http\\Request))
#50 C:\\Users\\dentrodahistoria\\Desktop\\Honda Geral\\honda-quiz-formula-um\\gpquiz\\public\\index.php(59): Illuminate\\Foundation\\Http\\Kernel->handle(Object(Illuminate\\Http\\Request))
#51 C:\\Users\\dentrodahistoria\\Desktop\\Honda Geral\\honda-quiz-formula-um\\gpquiz\\server.php(21): require_once('C:\\\\Users\\\\dentro...')
#52 {main}
"} 
[2019-10-17 22:47:19] local.ERROR: SQLSTATE[HY000] [1049] Unknown database 'gpquiz' (SQL: select * from `registers` where `winner` = 1 order by `name` asc) {"exception":"[object] (Illuminate\\Database\\QueryException(code: 1049): SQLSTATE[HY000] [1049] Unknown database 'gpquiz' (SQL: select * from `registers` where `winner` = 1 order by `name` asc) at C:\\Users\\dentrodahistoria\\Desktop\\Honda Geral\\honda-quiz-formula-um\\gpquiz\\vendor\\laravel\\framework\\src\\Illuminate\\Database\\Connection.php:664, PDOException(code: 1049): SQLSTATE[HY000] [1049] Unknown database 'gpquiz' at C:\\Users\\dentrodahistoria\\Desktop\\Honda Geral\\honda-quiz-formula-um\\gpquiz\\vendor\\laravel\\framework\\src\\Illuminate\\Database\\Connectors\\Connector.php:70)
[stacktrace]
#0 C:\\Users\\dentrodahistoria\\Desktop\\Honda Geral\\honda-quiz-formula-um\\gpquiz\\vendor\\laravel\\framework\\src\\Illuminate\\Database\\Connection.php(624): Illuminate\\Database\\Connection->runQueryCallback('select * from `...', Array, Object(Closure))
#1 C:\\Users\\dentrodahistoria\\Desktop\\Honda Geral\\honda-quiz-formula-um\\gpquiz\\vendor\\laravel\\framework\\src\\Illuminate\\Database\\Connection.php(333): Illuminate\\Database\\Connection->run('select * from `...', Array, Object(Closure))
#2 C:\\Users\\dentrodahistoria\\Desktop\\Honda Geral\\honda-quiz-formula-um\\gpquiz\\vendor\\laravel\\framework\\src\\Illuminate\\Database\\Query\\Builder.php(2095): Illuminate\\Database\\Connection->select('select * from `...', Array, true)
#3 C:\\Users\\dentrodahistoria\\Desktop\\Honda Geral\\honda-quiz-formula-um\\gpquiz\\vendor\\laravel\\framework\\src\\Illuminate\\Database\\Query\\Builder.php(2083): Illuminate\\Database\\Query\\Builder->runSelect()
#4 C:\\Users\\dentrodahistoria\\Desktop\\Honda Geral\\honda-quiz-formula-um\\gpquiz\\vendor\\laravel\\framework\\src\\Illuminate\\Database\\Query\\Builder.php(2569): Illuminate\\Database\\Query\\Builder->Illuminate\\Database\\Query\\{closure}()
#5 C:\\Users\\dentrodahistoria\\Desktop\\Honda Geral\\honda-quiz-formula-um\\gpquiz\\vendor\\laravel\\framework\\src\\Illuminate\\Database\\Query\\Builder.php(2084): Illuminate\\Database\\Query\\Builder->onceWithColumns(Array, Object(Closure))
#6 C:\\Users\\dentrodahistoria\\Desktop\\Honda Geral\\honda-quiz-formula-um\\gpquiz\\vendor\\laravel\\framework\\src\\Illuminate\\Database\\Eloquent\\Builder.php(519): Illuminate\\Database\\Query\\Builder->get(Array)
#7 C:\\Users\\dentrodahistoria\\Desktop\\Honda Geral\\honda-quiz-formula-um\\gpquiz\\vendor\\laravel\\framework\\src\\Illuminate\\Database\\Eloquent\\Builder.php(503): Illuminate\\Database\\Eloquent\\Builder->getModels(Array)
#8 C:\\Users\\dentrodahistoria\\Desktop\\Honda Geral\\honda-quiz-formula-um\\gpquiz\\app\\Http\\Controllers\\RegisterController.php(233): Illuminate\\Database\\Eloquent\\Builder->get()
#9 [internal function]: App\\Http\\Controllers\\RegisterController->finish()
#10 C:\\Users\\dentrodahistoria\\Desktop\\Honda Geral\\honda-quiz-formula-um\\gpquiz\\vendor\\laravel\\framework\\src\\Illuminate\\Routing\\Controller.php(54): call_user_func_array(Array, Array)
#11 C:\\Users\\dentrodahistoria\\Desktop\\Honda Geral\\honda-quiz-formula-um\\gpquiz\\vendor\\laravel\\framework\\src\\Illuminate\\Routing\\ControllerDispatcher.php(45): Illuminate\\Routing\\Controller->callAction('finish', Array)
#12 C:\\Users\\dentrodahistoria\\Desktop\\Honda Geral\\honda-quiz-formula-um\\gpquiz\\vendor\\laravel\\framework\\src\\Illuminate\\Routing\\Route.php(219): Illuminate\\Routing\\ControllerDispatcher->dispatch(Object(Illuminate\\Routing\\Route), Object(App\\Http\\Controllers\\RegisterController), 'finish')
#13 C:\\Users\\dentrodahistoria\\Desktop\\Honda Geral\\honda-quiz-formula-um\\gpquiz\\vendor\\laravel\\framework\\src\\Illuminate\\Routing\\Route.php(176): Illuminate\\Routing\\Route->runController()
#14 C:\\Users\\dentrodahistoria\\Desktop\\Honda Geral\\honda-quiz-formula-um\\gpquiz\\vendor\\laravel\\framework\\src\\Illuminate\\Routing\\Router.php(682): Illuminate\\Routing\\Route->run()
#15 C:\\Users\\dentrodahistoria\\Desktop\\Honda Geral\\honda-quiz-formula-um\\gpquiz\\vendor\\laravel\\framework\\src\\Illuminate\\Routing\\Pipeline.php(30): Illuminate\\Routing\\Router->Illuminate\\Routing\\{closure}(Object(Illuminate\\Http\\Request))
#16 C:\\Users\\dentrodahistoria\\Desktop\\Honda Geral\\honda-quiz-formula-um\\gpquiz\\vendor\\laravel\\framework\\src\\Illuminate\\Routing\\Middleware\\SubstituteBindings.php(41): Illuminate\\Routing\\Pipeline->Illuminate\\Routing\\{closure}(Object(Illuminate\\Http\\Request))
#17 C:\\Users\\dentrodahistoria\\Desktop\\Honda Geral\\honda-quiz-formula-um\\gpquiz\\vendor\\laravel\\framework\\src\\Illuminate\\Pipeline\\Pipeline.php(163): Illuminate\\Routing\\Middleware\\SubstituteBindings->handle(Object(Illuminate\\Http\\Request), Object(Closure))
#18 C:\\Users\\dentrodahistoria\\Desktop\\Honda Geral\\honda-quiz-formula-um\\gpquiz\\vendor\\laravel\\framework\\src\\Illuminate\\Routing\\Pipeline.php(53): Illuminate\\Pipeline\\Pipeline->Illuminate\\Pipeline\\{closure}(Object(Illuminate\\Http\\Request))
#19 C:\\Users\\dentrodahistoria\\Desktop\\Honda Geral\\honda-quiz-formula-um\\gpquiz\\vendor\\laravel\\framework\\src\\Illuminate\\Foundation\\Http\\Middleware\\VerifyCsrfToken.php(75): Illuminate\\Routing\\Pipeline->Illuminate\\Routing\\{closure}(Object(Illuminate\\Http\\Request))
#20 C:\\Users\\dentrodahistoria\\Desktop\\Honda Geral\\honda-quiz-formula-um\\gpquiz\\vendor\\laravel\\framework\\src\\Illuminate\\Pipeline\\Pipeline.php(163): Illuminate\\Foundation\\Http\\Middleware\\VerifyCsrfToken->handle(Object(Illuminate\\Http\\Request), Object(Closure))
#21 C:\\Users\\dentrodahistoria\\Desktop\\Honda Geral\\honda-quiz-formula-um\\gpquiz\\vendor\\laravel\\framework\\src\\Illuminate\\Routing\\Pipeline.php(53): Illuminate\\Pipeline\\Pipeline->Illuminate\\Pipeline\\{closure}(Object(Illuminate\\Http\\Request))
#22 C:\\Users\\dentrodahistoria\\Desktop\\Honda Geral\\honda-quiz-formula-um\\gpquiz\\vendor\\laravel\\framework\\src\\Illuminate\\View\\Middleware\\ShareErrorsFromSession.php(49): Illuminate\\Routing\\Pipeline->Illuminate\\Routing\\{closure}(Object(Illuminate\\Http\\Request))
#23 C:\\Users\\dentrodahistoria\\Desktop\\Honda Geral\\honda-quiz-formula-um\\gpquiz\\vendor\\laravel\\framework\\src\\Illuminate\\Pipeline\\Pipeline.php(163): Illuminate\\View\\Middleware\\ShareErrorsFromSession->handle(Object(Illuminate\\Http\\Request), Object(Closure))
#24 C:\\Users\\dentrodahistoria\\Desktop\\Honda Geral\\honda-quiz-formula-um\\gpquiz\\vendor\\laravel\\framework\\src\\Illuminate\\Routing\\Pipeline.php(53): Illuminate\\Pipeline\\Pipeline->Illuminate\\Pipeline\\{closure}(Object(Illuminate\\Http\\Request))
#25 C:\\Users\\dentrodahistoria\\Desktop\\Honda Geral\\honda-quiz-formula-um\\gpquiz\\vendor\\laravel\\framework\\src\\Illuminate\\Session\\Middleware\\StartSession.php(63): Illuminate\\Routing\\Pipeline->Illuminate\\Routing\\{closure}(Object(Illuminate\\Http\\Request))
#26 C:\\Users\\dentrodahistoria\\Desktop\\Honda Geral\\honda-quiz-formula-um\\gpquiz\\vendor\\laravel\\framework\\src\\Illuminate\\Pipeline\\Pipeline.php(163): Illuminate\\Session\\Middleware\\StartSession->handle(Object(Illuminate\\Http\\Request), Object(Closure))
#27 C:\\Users\\dentrodahistoria\\Desktop\\Honda Geral\\honda-quiz-formula-um\\gpquiz\\vendor\\laravel\\framework\\src\\Illuminate\\Routing\\Pipeline.php(53): Illuminate\\Pipeline\\Pipeline->Illuminate\\Pipeline\\{closure}(Object(Illuminate\\Http\\Request))
#28 C:\\Users\\dentrodahistoria\\Desktop\\Honda Geral\\honda-quiz-formula-um\\gpquiz\\vendor\\laravel\\framework\\src\\Illuminate\\Cookie\\Middleware\\AddQueuedCookiesToResponse.php(37): Illuminate\\Routing\\Pipeline->Illuminate\\Routing\\{closure}(Object(Illuminate\\Http\\Request))
#29 C:\\Users\\dentrodahistoria\\Desktop\\Honda Geral\\honda-quiz-formula-um\\gpquiz\\vendor\\laravel\\framework\\src\\Illuminate\\Pipeline\\Pipeline.php(163): Illuminate\\Cookie\\Middleware\\AddQueuedCookiesToResponse->handle(Object(Illuminate\\Http\\Request), Object(Closure))
#30 C:\\Users\\dentrodahistoria\\Desktop\\Honda Geral\\honda-quiz-formula-um\\gpquiz\\vendor\\laravel\\framework\\src\\Illuminate\\Routing\\Pipeline.php(53): Illuminate\\Pipeline\\Pipeline->Illuminate\\Pipeline\\{closure}(Object(Illuminate\\Http\\Request))
#31 C:\\Users\\dentrodahistoria\\Desktop\\Honda Geral\\honda-quiz-formula-um\\gpquiz\\vendor\\laravel\\framework\\src\\Illuminate\\Cookie\\Middleware\\EncryptCookies.php(66): Illuminate\\Routing\\Pipeline->Illuminate\\Routing\\{closure}(Object(Illuminate\\Http\\Request))
#32 C:\\Users\\dentrodahistoria\\Desktop\\Honda Geral\\honda-quiz-formula-um\\gpquiz\\vendor\\laravel\\framework\\src\\Illuminate\\Pipeline\\Pipeline.php(163): Illuminate\\Cookie\\Middleware\\EncryptCookies->handle(Object(Illuminate\\Http\\Request), Object(Closure))
#33 C:\\Users\\dentrodahistoria\\Desktop\\Honda Geral\\honda-quiz-formula-um\\gpquiz\\vendor\\laravel\\framework\\src\\Illuminate\\Routing\\Pipeline.php(53): Illuminate\\Pipeline\\Pipeline->Illuminate\\Pipeline\\{closure}(Object(Illuminate\\Http\\Request))
#34 C:\\Users\\dentrodahistoria\\Desktop\\Honda Geral\\honda-quiz-formula-um\\gpquiz\\vendor\\laravel\\framework\\src\\Illuminate\\Pipeline\\Pipeline.php(104): Illuminate\\Routing\\Pipeline->Illuminate\\Routing\\{closure}(Object(Illuminate\\Http\\Request))
#35 C:\\Users\\dentrodahistoria\\Desktop\\Honda Geral\\honda-quiz-formula-um\\gpquiz\\vendor\\laravel\\framework\\src\\Illuminate\\Routing\\Router.php(684): Illuminate\\Pipeline\\Pipeline->then(Object(Closure))
#36 C:\\Users\\dentrodahistoria\\Desktop\\Honda Geral\\honda-quiz-formula-um\\gpquiz\\vendor\\laravel\\framework\\src\\Illuminate\\Routing\\Router.php(659): Illuminate\\Routing\\Router->runRouteWithinStack(Object(Illuminate\\Routing\\Route), Object(Illuminate\\Http\\Request))
#37 C:\\Users\\dentrodahistoria\\Desktop\\Honda Geral\\honda-quiz-formula-um\\gpquiz\\vendor\\laravel\\framework\\src\\Illuminate\\Routing\\Router.php(625): Illuminate\\Routing\\Router->runRoute(Object(Illuminate\\Http\\Request), Object(Illuminate\\Routing\\Route))
#38 C:\\Users\\dentrodahistoria\\Desktop\\Honda Geral\\honda-quiz-formula-um\\gpquiz\\vendor\\laravel\\framework\\src\\Illuminate\\Routing\\Router.php(614): Illuminate\\Routing\\Router->dispatchToRoute(Object(Illuminate\\Http\\Request))
#39 C:\\Users\\dentrodahistoria\\Desktop\\Honda Geral\\honda-quiz-formula-um\\gpquiz\\vendor\\laravel\\framework\\src\\Illuminate\\Foundation\\Http\\Kernel.php(176): Illuminate\\Routing\\Router->dispatch(Object(Illuminate\\Http\\Request))
#40 C:\\Users\\dentrodahistoria\\Desktop\\Honda Geral\\honda-quiz-formula-um\\gpquiz\\vendor\\laravel\\framework\\src\\Illuminate\\Routing\\Pipeline.php(30): Illuminate\\Foundation\\Http\\Kernel->Illuminate\\Foundation\\Http\\{closure}(Object(Illuminate\\Http\\Request))
#41 C:\\Users\\dentrodahistoria\\Desktop\\Honda Geral\\honda-quiz-formula-um\\gpquiz\\vendor\\fideloper\\proxy\\src\\TrustProxies.php(57): Illuminate\\Routing\\Pipeline->Illuminate\\Routing\\{closure}(Object(Illuminate\\Http\\Request))
#42 C:\\Users\\dentrodahistoria\\Desktop\\Honda Geral\\honda-quiz-formula-um\\gpquiz\\vendor\\laravel\\framework\\src\\Illuminate\\Pipeline\\Pipeline.php(163): Fideloper\\Proxy\\TrustProxies->handle(Object(Illuminate\\Http\\Request), Object(Closure))
#43 C:\\Users\\dentrodahistoria\\Desktop\\Honda Geral\\honda-quiz-formula-um\\gpquiz\\vendor\\laravel\\framework\\src\\Illuminate\\Routing\\Pipeline.php(53): Illuminate\\Pipeline\\Pipeline->Illuminate\\Pipeline\\{closure}(Object(Illuminate\\Http\\Request))
#44 C:\\Users\\dentrodahistoria\\Desktop\\Honda Geral\\honda-quiz-formula-um\\gpquiz\\vendor\\laravel\\framework\\src\\Illuminate\\Foundation\\Http\\Middleware\\TransformsRequest.php(31): Illuminate\\Routing\\Pipeline->Illuminate\\Routing\\{closure}(Object(Illuminate\\Http\\Request))
#45 C:\\Users\\dentrodahistoria\\Desktop\\Honda Geral\\honda-quiz-formula-um\\gpquiz\\vendor\\laravel\\framework\\src\\Illuminate\\Pipeline\\Pipeline.php(163): Illuminate\\Foundation\\Http\\Middleware\\TransformsRequest->handle(Object(Illuminate\\Http\\Request), Object(Closure))
#46 C:\\Users\\dentrodahistoria\\Desktop\\Honda Geral\\honda-quiz-formula-um\\gpquiz\\vendor\\laravel\\framework\\src\\Illuminate\\Routing\\Pipeline.php(53): Illuminate\\Pipeline\\Pipeline->Illuminate\\Pipeline\\{closure}(Object(Illuminate\\Http\\Request))
#47 C:\\Users\\dentrodahistoria\\Desktop\\Honda Geral\\honda-quiz-formula-um\\gpquiz\\vendor\\laravel\\framework\\src\\Illuminate\\Foundation\\Http\\Middleware\\TransformsRequest.php(31): Illuminate\\Routing\\Pipeline->Illuminate\\Routing\\{closure}(Object(Illuminate\\Http\\Request))
#48 C:\\Users\\dentrodahistoria\\Desktop\\Honda Geral\\honda-quiz-formula-um\\gpquiz\\vendor\\laravel\\framework\\src\\Illuminate\\Pipeline\\Pipeline.php(163): Illuminate\\Foundation\\Http\\Middleware\\TransformsRequest->handle(Object(Illuminate\\Http\\Request), Object(Closure))
#49 C:\\Users\\dentrodahistoria\\Desktop\\Honda Geral\\honda-quiz-formula-um\\gpquiz\\vendor\\laravel\\framework\\src\\Illuminate\\Routing\\Pipeline.php(53): Illuminate\\Pipeline\\Pipeline->Illuminate\\Pipeline\\{closure}(Object(Illuminate\\Http\\Request))
#50 C:\\Users\\dentrodahistoria\\Desktop\\Honda Geral\\honda-quiz-formula-um\\gpquiz\\vendor\\laravel\\framework\\src\\Illuminate\\Foundation\\Http\\Middleware\\ValidatePostSize.php(27): Illuminate\\Routing\\Pipeline->Illuminate\\Routing\\{closure}(Object(Illuminate\\Http\\Request))
#51 C:\\Users\\dentrodahistoria\\Desktop\\Honda Geral\\honda-quiz-formula-um\\gpquiz\\vendor\\laravel\\framework\\src\\Illuminate\\Pipeline\\Pipeline.php(163): Illuminate\\Foundation\\Http\\Middleware\\ValidatePostSize->handle(Object(Illuminate\\Http\\Request), Object(Closure))
#52 C:\\Users\\dentrodahistoria\\Desktop\\Honda Geral\\honda-quiz-formula-um\\gpquiz\\vendor\\laravel\\framework\\src\\Illuminate\\Routing\\Pipeline.php(53): Illuminate\\Pipeline\\Pipeline->Illuminate\\Pipeline\\{closure}(Object(Illuminate\\Http\\Request))
#53 C:\\Users\\dentrodahistoria\\Desktop\\Honda Geral\\honda-quiz-formula-um\\gpquiz\\vendor\\laravel\\framework\\src\\Illuminate\\Foundation\\Http\\Middleware\\CheckForMaintenanceMode.php(62): Illuminate\\Routing\\Pipeline->Illuminate\\Routing\\{closure}(Object(Illuminate\\Http\\Request))
#54 C:\\Users\\dentrodahistoria\\Desktop\\Honda Geral\\honda-quiz-formula-um\\gpquiz\\vendor\\laravel\\framework\\src\\Illuminate\\Pipeline\\Pipeline.php(163): Illuminate\\Foundation\\Http\\Middleware\\CheckForMaintenanceMode->handle(Object(Illuminate\\Http\\Request), Object(Closure))
#55 C:\\Users\\dentrodahistoria\\Desktop\\Honda Geral\\honda-quiz-formula-um\\gpquiz\\vendor\\laravel\\framework\\src\\Illuminate\\Routing\\Pipeline.php(53): Illuminate\\Pipeline\\Pipeline->Illuminate\\Pipeline\\{closure}(Object(Illuminate\\Http\\Request))
#56 C:\\Users\\dentrodahistoria\\Desktop\\Honda Geral\\honda-quiz-formula-um\\gpquiz\\vendor\\laravel\\framework\\src\\Illuminate\\Pipeline\\Pipeline.php(104): Illuminate\\Routing\\Pipeline->Illuminate\\Routing\\{closure}(Object(Illuminate\\Http\\Request))
#57 C:\\Users\\dentrodahistoria\\Desktop\\Honda Geral\\honda-quiz-formula-um\\gpquiz\\vendor\\laravel\\framework\\src\\Illuminate\\Foundation\\Http\\Kernel.php(151): Illuminate\\Pipeline\\Pipeline->then(Object(Closure))
#58 C:\\Users\\dentrodahistoria\\Desktop\\Honda Geral\\honda-quiz-formula-um\\gpquiz\\vendor\\laravel\\framework\\src\\Illuminate\\Foundation\\Http\\Kernel.php(116): Illuminate\\Foundation\\Http\\Kernel->sendRequestThroughRouter(Object(Illuminate\\Http\\Request))
#59 C:\\Users\\dentrodahistoria\\Desktop\\Honda Geral\\honda-quiz-formula-um\\gpquiz\\public\\index.php(59): Illuminate\\Foundation\\Http\\Kernel->handle(Object(Illuminate\\Http\\Request))
#60 C:\\Users\\dentrodahistoria\\Desktop\\Honda Geral\\honda-quiz-formula-um\\gpquiz\\server.php(21): require_once('C:\\\\Users\\\\dentro...')
#61 {main}
"} 
[2019-10-17 22:48:05] local.ERROR: SQLSTATE[HY000] [1049] Unknown database 'gpquiz' (SQL: select * from `users` where `email` = admin@admin.com limit 1) {"exception":"[object] (Illuminate\\Database\\QueryException(code: 1049): SQLSTATE[HY000] [1049] Unknown database 'gpquiz' (SQL: select * from `users` where `email` = admin@admin.com limit 1) at C:\\Users\\dentrodahistoria\\Desktop\\Honda Geral\\honda-quiz-formula-um\\gpquiz\\vendor\\laravel\\framework\\src\\Illuminate\\Database\\Connection.php:664, PDOException(code: 1049): SQLSTATE[HY000] [1049] Unknown database 'gpquiz' at C:\\Users\\dentrodahistoria\\Desktop\\Honda Geral\\honda-quiz-formula-um\\gpquiz\\vendor\\laravel\\framework\\src\\Illuminate\\Database\\Connectors\\Connector.php:70)
[stacktrace]
#0 C:\\Users\\dentrodahistoria\\Desktop\\Honda Geral\\honda-quiz-formula-um\\gpquiz\\vendor\\laravel\\framework\\src\\Illuminate\\Database\\Connection.php(624): Illuminate\\Database\\Connection->runQueryCallback('select * from `...', Array, Object(Closure))
#1 C:\\Users\\dentrodahistoria\\Desktop\\Honda Geral\\honda-quiz-formula-um\\gpquiz\\vendor\\laravel\\framework\\src\\Illuminate\\Database\\Connection.php(333): Illuminate\\Database\\Connection->run('select * from `...', Array, Object(Closure))
#2 C:\\Users\\dentrodahistoria\\Desktop\\Honda Geral\\honda-quiz-formula-um\\gpquiz\\vendor\\laravel\\framework\\src\\Illuminate\\Database\\Query\\Builder.php(2095): Illuminate\\Database\\Connection->select('select * from `...', Array, true)
#3 C:\\Users\\dentrodahistoria\\Desktop\\Honda Geral\\honda-quiz-formula-um\\gpquiz\\vendor\\laravel\\framework\\src\\Illuminate\\Database\\Query\\Builder.php(2083): Illuminate\\Database\\Query\\Builder->runSelect()
#4 C:\\Users\\dentrodahistoria\\Desktop\\Honda Geral\\honda-quiz-formula-um\\gpquiz\\vendor\\laravel\\framework\\src\\Illuminate\\Database\\Query\\Builder.php(2569): Illuminate\\Database\\Query\\Builder->Illuminate\\Database\\Query\\{closure}()
#5 C:\\Users\\dentrodahistoria\\Desktop\\Honda Geral\\honda-quiz-formula-um\\gpquiz\\vendor\\laravel\\framework\\src\\Illuminate\\Database\\Query\\Builder.php(2084): Illuminate\\Database\\Query\\Builder->onceWithColumns(Array, Object(Closure))
#6 C:\\Users\\dentrodahistoria\\Desktop\\Honda Geral\\honda-quiz-formula-um\\gpquiz\\vendor\\laravel\\framework\\src\\Illuminate\\Database\\Eloquent\\Builder.php(519): Illuminate\\Database\\Query\\Builder->get(Array)
#7 C:\\Users\\dentrodahistoria\\Desktop\\Honda Geral\\honda-quiz-formula-um\\gpquiz\\vendor\\laravel\\framework\\src\\Illuminate\\Database\\Eloquent\\Builder.php(503): Illuminate\\Database\\Eloquent\\Builder->getModels(Array)
#8 C:\\Users\\dentrodahistoria\\Desktop\\Honda Geral\\honda-quiz-formula-um\\gpquiz\\vendor\\laravel\\framework\\src\\Illuminate\\Database\\Concerns\\BuildsQueries.php(77): Illuminate\\Database\\Eloquent\\Builder->get(Array)
#9 C:\\Users\\dentrodahistoria\\Desktop\\Honda Geral\\honda-quiz-formula-um\\gpquiz\\vendor\\laravel\\framework\\src\\Illuminate\\Auth\\EloquentUserProvider.php(128): Illuminate\\Database\\Eloquent\\Builder->first()
#10 C:\\Users\\dentrodahistoria\\Desktop\\Honda Geral\\honda-quiz-formula-um\\gpquiz\\vendor\\laravel\\framework\\src\\Illuminate\\Auth\\SessionGuard.php(349): Illuminate\\Auth\\EloquentUserProvider->retrieveByCredentials(Array)
#11 C:\\Users\\dentrodahistoria\\Desktop\\Honda Geral\\honda-quiz-formula-um\\gpquiz\\vendor\\laravel\\framework\\src\\Illuminate\\Foundation\\Auth\\AuthenticatesUsers.php(81): Illuminate\\Auth\\SessionGuard->attempt(Array, false)
#12 C:\\Users\\dentrodahistoria\\Desktop\\Honda Geral\\honda-quiz-formula-um\\gpquiz\\vendor\\laravel\\framework\\src\\Illuminate\\Foundation\\Auth\\AuthenticatesUsers.php(44): App\\Http\\Controllers\\Auth\\LoginController->attemptLogin(Object(Illuminate\\Http\\Request))
#13 [internal function]: App\\Http\\Controllers\\Auth\\LoginController->login(Object(Illuminate\\Http\\Request))
#14 C:\\Users\\dentrodahistoria\\Desktop\\Honda Geral\\honda-quiz-formula-um\\gpquiz\\vendor\\laravel\\framework\\src\\Illuminate\\Routing\\Controller.php(54): call_user_func_array(Array, Array)
#15 C:\\Users\\dentrodahistoria\\Desktop\\Honda Geral\\honda-quiz-formula-um\\gpquiz\\vendor\\laravel\\framework\\src\\Illuminate\\Routing\\ControllerDispatcher.php(45): Illuminate\\Routing\\Controller->callAction('login', Array)
#16 C:\\Users\\dentrodahistoria\\Desktop\\Honda Geral\\honda-quiz-formula-um\\gpquiz\\vendor\\laravel\\framework\\src\\Illuminate\\Routing\\Route.php(219): Illuminate\\Routing\\ControllerDispatcher->dispatch(Object(Illuminate\\Routing\\Route), Object(App\\Http\\Controllers\\Auth\\LoginController), 'login')
#17 C:\\Users\\dentrodahistoria\\Desktop\\Honda Geral\\honda-quiz-formula-um\\gpquiz\\vendor\\laravel\\framework\\src\\Illuminate\\Routing\\Route.php(176): Illuminate\\Routing\\Route->runController()
#18 C:\\Users\\dentrodahistoria\\Desktop\\Honda Geral\\honda-quiz-formula-um\\gpquiz\\vendor\\laravel\\framework\\src\\Illuminate\\Routing\\Router.php(682): Illuminate\\Routing\\Route->run()
#19 C:\\Users\\dentrodahistoria\\Desktop\\Honda Geral\\honda-quiz-formula-um\\gpquiz\\vendor\\laravel\\framework\\src\\Illuminate\\Routing\\Pipeline.php(30): Illuminate\\Routing\\Router->Illuminate\\Routing\\{closure}(Object(Illuminate\\Http\\Request))
#20 C:\\Users\\dentrodahistoria\\Desktop\\Honda Geral\\honda-quiz-formula-um\\gpquiz\\app\\Http\\Middleware\\RedirectIfAuthenticated.php(24): Illuminate\\Routing\\Pipeline->Illuminate\\Routing\\{closure}(Object(Illuminate\\Http\\Request))
#21 C:\\Users\\dentrodahistoria\\Desktop\\Honda Geral\\honda-quiz-formula-um\\gpquiz\\vendor\\laravel\\framework\\src\\Illuminate\\Pipeline\\Pipeline.php(163): App\\Http\\Middleware\\RedirectIfAuthenticated->handle(Object(Illuminate\\Http\\Request), Object(Closure))
#22 C:\\Users\\dentrodahistoria\\Desktop\\Honda Geral\\honda-quiz-formula-um\\gpquiz\\vendor\\laravel\\framework\\src\\Illuminate\\Routing\\Pipeline.php(53): Illuminate\\Pipeline\\Pipeline->Illuminate\\Pipeline\\{closure}(Object(Illuminate\\Http\\Request))
#23 C:\\Users\\dentrodahistoria\\Desktop\\Honda Geral\\honda-quiz-formula-um\\gpquiz\\vendor\\laravel\\framework\\src\\Illuminate\\Routing\\Middleware\\SubstituteBindings.php(41): Illuminate\\Routing\\Pipeline->Illuminate\\Routing\\{closure}(Object(Illuminate\\Http\\Request))
#24 C:\\Users\\dentrodahistoria\\Desktop\\Honda Geral\\honda-quiz-formula-um\\gpquiz\\vendor\\laravel\\framework\\src\\Illuminate\\Pipeline\\Pipeline.php(163): Illuminate\\Routing\\Middleware\\SubstituteBindings->handle(Object(Illuminate\\Http\\Request), Object(Closure))
#25 C:\\Users\\dentrodahistoria\\Desktop\\Honda Geral\\honda-quiz-formula-um\\gpquiz\\vendor\\laravel\\framework\\src\\Illuminate\\Routing\\Pipeline.php(53): Illuminate\\Pipeline\\Pipeline->Illuminate\\Pipeline\\{closure}(Object(Illuminate\\Http\\Request))
#26 C:\\Users\\dentrodahistoria\\Desktop\\Honda Geral\\honda-quiz-formula-um\\gpquiz\\vendor\\laravel\\framework\\src\\Illuminate\\Foundation\\Http\\Middleware\\VerifyCsrfToken.php(75): Illuminate\\Routing\\Pipeline->Illuminate\\Routing\\{closure}(Object(Illuminate\\Http\\Request))
#27 C:\\Users\\dentrodahistoria\\Desktop\\Honda Geral\\honda-quiz-formula-um\\gpquiz\\vendor\\laravel\\framework\\src\\Illuminate\\Pipeline\\Pipeline.php(163): Illuminate\\Foundation\\Http\\Middleware\\VerifyCsrfToken->handle(Object(Illuminate\\Http\\Request), Object(Closure))
#28 C:\\Users\\dentrodahistoria\\Desktop\\Honda Geral\\honda-quiz-formula-um\\gpquiz\\vendor\\laravel\\framework\\src\\Illuminate\\Routing\\Pipeline.php(53): Illuminate\\Pipeline\\Pipeline->Illuminate\\Pipeline\\{closure}(Object(Illuminate\\Http\\Request))
#29 C:\\Users\\dentrodahistoria\\Desktop\\Honda Geral\\honda-quiz-formula-um\\gpquiz\\vendor\\laravel\\framework\\src\\Illuminate\\View\\Middleware\\ShareErrorsFromSession.php(49): Illuminate\\Routing\\Pipeline->Illuminate\\Routing\\{closure}(Object(Illuminate\\Http\\Request))
#30 C:\\Users\\dentrodahistoria\\Desktop\\Honda Geral\\honda-quiz-formula-um\\gpquiz\\vendor\\laravel\\framework\\src\\Illuminate\\Pipeline\\Pipeline.php(163): Illuminate\\View\\Middleware\\ShareErrorsFromSession->handle(Object(Illuminate\\Http\\Request), Object(Closure))
#31 C:\\Users\\dentrodahistoria\\Desktop\\Honda Geral\\honda-quiz-formula-um\\gpquiz\\vendor\\laravel\\framework\\src\\Illuminate\\Routing\\Pipeline.php(53): Illuminate\\Pipeline\\Pipeline->Illuminate\\Pipeline\\{closure}(Object(Illuminate\\Http\\Request))
#32 C:\\Users\\dentrodahistoria\\Desktop\\Honda Geral\\honda-quiz-formula-um\\gpquiz\\vendor\\laravel\\framework\\src\\Illuminate\\Session\\Middleware\\StartSession.php(63): Illuminate\\Routing\\Pipeline->Illuminate\\Routing\\{closure}(Object(Illuminate\\Http\\Request))
#33 C:\\Users\\dentrodahistoria\\Desktop\\Honda Geral\\honda-quiz-formula-um\\gpquiz\\vendor\\laravel\\framework\\src\\Illuminate\\Pipeline\\Pipeline.php(163): Illuminate\\Session\\Middleware\\StartSession->handle(Object(Illuminate\\Http\\Request), Object(Closure))
#34 C:\\Users\\dentrodahistoria\\Desktop\\Honda Geral\\honda-quiz-formula-um\\gpquiz\\vendor\\laravel\\framework\\src\\Illuminate\\Routing\\Pipeline.php(53): Illuminate\\Pipeline\\Pipeline->Illuminate\\Pipeline\\{closure}(Object(Illuminate\\Http\\Request))
#35 C:\\Users\\dentrodahistoria\\Desktop\\Honda Geral\\honda-quiz-formula-um\\gpquiz\\vendor\\laravel\\framework\\src\\Illuminate\\Cookie\\Middleware\\AddQueuedCookiesToResponse.php(37): Illuminate\\Routing\\Pipeline->Illuminate\\Routing\\{closure}(Object(Illuminate\\Http\\Request))
#36 C:\\Users\\dentrodahistoria\\Desktop\\Honda Geral\\honda-quiz-formula-um\\gpquiz\\vendor\\laravel\\framework\\src\\Illuminate\\Pipeline\\Pipeline.php(163): Illuminate\\Cookie\\Middleware\\AddQueuedCookiesToResponse->handle(Object(Illuminate\\Http\\Request), Object(Closure))
#37 C:\\Users\\dentrodahistoria\\Desktop\\Honda Geral\\honda-quiz-formula-um\\gpquiz\\vendor\\laravel\\framework\\src\\Illuminate\\Routing\\Pipeline.php(53): Illuminate\\Pipeline\\Pipeline->Illuminate\\Pipeline\\{closure}(Object(Illuminate\\Http\\Request))
#38 C:\\Users\\dentrodahistoria\\Desktop\\Honda Geral\\honda-quiz-formula-um\\gpquiz\\vendor\\laravel\\framework\\src\\Illuminate\\Cookie\\Middleware\\EncryptCookies.php(66): Illuminate\\Routing\\Pipeline->Illuminate\\Routing\\{closure}(Object(Illuminate\\Http\\Request))
#39 C:\\Users\\dentrodahistoria\\Desktop\\Honda Geral\\honda-quiz-formula-um\\gpquiz\\vendor\\laravel\\framework\\src\\Illuminate\\Pipeline\\Pipeline.php(163): Illuminate\\Cookie\\Middleware\\EncryptCookies->handle(Object(Illuminate\\Http\\Request), Object(Closure))
#40 C:\\Users\\dentrodahistoria\\Desktop\\Honda Geral\\honda-quiz-formula-um\\gpquiz\\vendor\\laravel\\framework\\src\\Illuminate\\Routing\\Pipeline.php(53): Illuminate\\Pipeline\\Pipeline->Illuminate\\Pipeline\\{closure}(Object(Illuminate\\Http\\Request))
#41 C:\\Users\\dentrodahistoria\\Desktop\\Honda Geral\\honda-quiz-formula-um\\gpquiz\\vendor\\laravel\\framework\\src\\Illuminate\\Pipeline\\Pipeline.php(104): Illuminate\\Routing\\Pipeline->Illuminate\\Routing\\{closure}(Object(Illuminate\\Http\\Request))
#42 C:\\Users\\dentrodahistoria\\Desktop\\Honda Geral\\honda-quiz-formula-um\\gpquiz\\vendor\\laravel\\framework\\src\\Illuminate\\Routing\\Router.php(684): Illuminate\\Pipeline\\Pipeline->then(Object(Closure))
#43 C:\\Users\\dentrodahistoria\\Desktop\\Honda Geral\\honda-quiz-formula-um\\gpquiz\\vendor\\laravel\\framework\\src\\Illuminate\\Routing\\Router.php(659): Illuminate\\Routing\\Router->runRouteWithinStack(Object(Illuminate\\Routing\\Route), Object(Illuminate\\Http\\Request))
#44 C:\\Users\\dentrodahistoria\\Desktop\\Honda Geral\\honda-quiz-formula-um\\gpquiz\\vendor\\laravel\\framework\\src\\Illuminate\\Routing\\Router.php(625): Illuminate\\Routing\\Router->runRoute(Object(Illuminate\\Http\\Request), Object(Illuminate\\Routing\\Route))
#45 C:\\Users\\dentrodahistoria\\Desktop\\Honda Geral\\honda-quiz-formula-um\\gpquiz\\vendor\\laravel\\framework\\src\\Illuminate\\Routing\\Router.php(614): Illuminate\\Routing\\Router->dispatchToRoute(Object(Illuminate\\Http\\Request))
#46 C:\\Users\\dentrodahistoria\\Desktop\\Honda Geral\\honda-quiz-formula-um\\gpquiz\\vendor\\laravel\\framework\\src\\Illuminate\\Foundation\\Http\\Kernel.php(176): Illuminate\\Routing\\Router->dispatch(Object(Illuminate\\Http\\Request))
#47 C:\\Users\\dentrodahistoria\\Desktop\\Honda Geral\\honda-quiz-formula-um\\gpquiz\\vendor\\laravel\\framework\\src\\Illuminate\\Routing\\Pipeline.php(30): Illuminate\\Foundation\\Http\\Kernel->Illuminate\\Foundation\\Http\\{closure}(Object(Illuminate\\Http\\Request))
#48 C:\\Users\\dentrodahistoria\\Desktop\\Honda Geral\\honda-quiz-formula-um\\gpquiz\\vendor\\fideloper\\proxy\\src\\TrustProxies.php(57): Illuminate\\Routing\\Pipeline->Illuminate\\Routing\\{closure}(Object(Illuminate\\Http\\Request))
#49 C:\\Users\\dentrodahistoria\\Desktop\\Honda Geral\\honda-quiz-formula-um\\gpquiz\\vendor\\laravel\\framework\\src\\Illuminate\\Pipeline\\Pipeline.php(163): Fideloper\\Proxy\\TrustProxies->handle(Object(Illuminate\\Http\\Request), Object(Closure))
#50 C:\\Users\\dentrodahistoria\\Desktop\\Honda Geral\\honda-quiz-formula-um\\gpquiz\\vendor\\laravel\\framework\\src\\Illuminate\\Routing\\Pipeline.php(53): Illuminate\\Pipeline\\Pipeline->Illuminate\\Pipeline\\{closure}(Object(Illuminate\\Http\\Request))
#51 C:\\Users\\dentrodahistoria\\Desktop\\Honda Geral\\honda-quiz-formula-um\\gpquiz\\vendor\\laravel\\framework\\src\\Illuminate\\Foundation\\Http\\Middleware\\TransformsRequest.php(31): Illuminate\\Routing\\Pipeline->Illuminate\\Routing\\{closure}(Object(Illuminate\\Http\\Request))
#52 C:\\Users\\dentrodahistoria\\Desktop\\Honda Geral\\honda-quiz-formula-um\\gpquiz\\vendor\\laravel\\framework\\src\\Illuminate\\Pipeline\\Pipeline.php(163): Illuminate\\Foundation\\Http\\Middleware\\TransformsRequest->handle(Object(Illuminate\\Http\\Request), Object(Closure))
#53 C:\\Users\\dentrodahistoria\\Desktop\\Honda Geral\\honda-quiz-formula-um\\gpquiz\\vendor\\laravel\\framework\\src\\Illuminate\\Routing\\Pipeline.php(53): Illuminate\\Pipeline\\Pipeline->Illuminate\\Pipeline\\{closure}(Object(Illuminate\\Http\\Request))
#54 C:\\Users\\dentrodahistoria\\Desktop\\Honda Geral\\honda-quiz-formula-um\\gpquiz\\vendor\\laravel\\framework\\src\\Illuminate\\Foundation\\Http\\Middleware\\TransformsRequest.php(31): Illuminate\\Routing\\Pipeline->Illuminate\\Routing\\{closure}(Object(Illuminate\\Http\\Request))
#55 C:\\Users\\dentrodahistoria\\Desktop\\Honda Geral\\honda-quiz-formula-um\\gpquiz\\vendor\\laravel\\framework\\src\\Illuminate\\Pipeline\\Pipeline.php(163): Illuminate\\Foundation\\Http\\Middleware\\TransformsRequest->handle(Object(Illuminate\\Http\\Request), Object(Closure))
#56 C:\\Users\\dentrodahistoria\\Desktop\\Honda Geral\\honda-quiz-formula-um\\gpquiz\\vendor\\laravel\\framework\\src\\Illuminate\\Routing\\Pipeline.php(53): Illuminate\\Pipeline\\Pipeline->Illuminate\\Pipeline\\{closure}(Object(Illuminate\\Http\\Request))
#57 C:\\Users\\dentrodahistoria\\Desktop\\Honda Geral\\honda-quiz-formula-um\\gpquiz\\vendor\\laravel\\framework\\src\\Illuminate\\Foundation\\Http\\Middleware\\ValidatePostSize.php(27): Illuminate\\Routing\\Pipeline->Illuminate\\Routing\\{closure}(Object(Illuminate\\Http\\Request))
#58 C:\\Users\\dentrodahistoria\\Desktop\\Honda Geral\\honda-quiz-formula-um\\gpquiz\\vendor\\laravel\\framework\\src\\Illuminate\\Pipeline\\Pipeline.php(163): Illuminate\\Foundation\\Http\\Middleware\\ValidatePostSize->handle(Object(Illuminate\\Http\\Request), Object(Closure))
#59 C:\\Users\\dentrodahistoria\\Desktop\\Honda Geral\\honda-quiz-formula-um\\gpquiz\\vendor\\laravel\\framework\\src\\Illuminate\\Routing\\Pipeline.php(53): Illuminate\\Pipeline\\Pipeline->Illuminate\\Pipeline\\{closure}(Object(Illuminate\\Http\\Request))
#60 C:\\Users\\dentrodahistoria\\Desktop\\Honda Geral\\honda-quiz-formula-um\\gpquiz\\vendor\\laravel\\framework\\src\\Illuminate\\Foundation\\Http\\Middleware\\CheckForMaintenanceMode.php(62): Illuminate\\Routing\\Pipeline->Illuminate\\Routing\\{closure}(Object(Illuminate\\Http\\Request))
#61 C:\\Users\\dentrodahistoria\\Desktop\\Honda Geral\\honda-quiz-formula-um\\gpquiz\\vendor\\laravel\\framework\\src\\Illuminate\\Pipeline\\Pipeline.php(163): Illuminate\\Foundation\\Http\\Middleware\\CheckForMaintenanceMode->handle(Object(Illuminate\\Http\\Request), Object(Closure))
#62 C:\\Users\\dentrodahistoria\\Desktop\\Honda Geral\\honda-quiz-formula-um\\gpquiz\\vendor\\laravel\\framework\\src\\Illuminate\\Routing\\Pipeline.php(53): Illuminate\\Pipeline\\Pipeline->Illuminate\\Pipeline\\{closure}(Object(Illuminate\\Http\\Request))
#63 C:\\Users\\dentrodahistoria\\Desktop\\Honda Geral\\honda-quiz-formula-um\\gpquiz\\vendor\\laravel\\framework\\src\\Illuminate\\Pipeline\\Pipeline.php(104): Illuminate\\Routing\\Pipeline->Illuminate\\Routing\\{closure}(Object(Illuminate\\Http\\Request))
#64 C:\\Users\\dentrodahistoria\\Desktop\\Honda Geral\\honda-quiz-formula-um\\gpquiz\\vendor\\laravel\\framework\\src\\Illuminate\\Foundation\\Http\\Kernel.php(151): Illuminate\\Pipeline\\Pipeline->then(Object(Closure))
#65 C:\\Users\\dentrodahistoria\\Desktop\\Honda Geral\\honda-quiz-formula-um\\gpquiz\\vendor\\laravel\\framework\\src\\Illuminate\\Foundation\\Http\\Kernel.php(116): Illuminate\\Foundation\\Http\\Kernel->sendRequestThroughRouter(Object(Illuminate\\Http\\Request))
#66 C:\\Users\\dentrodahistoria\\Desktop\\Honda Geral\\honda-quiz-formula-um\\gpquiz\\public\\index.php(59): Illuminate\\Foundation\\Http\\Kernel->handle(Object(Illuminate\\Http\\Request))
#67 C:\\Users\\dentrodahistoria\\Desktop\\Honda Geral\\honda-quiz-formula-um\\gpquiz\\server.php(21): require_once('C:\\\\Users\\\\dentro...')
#68 {main}
"} 
[2019-10-22 04:39:12] local.ERROR: Trying to get property of non-object {"exception":"[object] (ErrorException(code: 0): Trying to get property of non-object at C:\\Users\\dentrodahistoria\\Desktop\\Honda Geral\\honda-quiz-formula-um\\gpquiz\\app\\Http\\Controllers\\FeedbackController.php:132)
[stacktrace]
#0 C:\\Users\\dentrodahistoria\\Desktop\\Honda Geral\\honda-quiz-formula-um\\gpquiz\\app\\Http\\Controllers\\FeedbackController.php(132): Illuminate\\Foundation\\Bootstrap\\HandleExceptions->handleError(8, 'Trying to get p...', 'C:\\\\Users\\\\dentro...', 132, Array)
#1 [internal function]: App\\Http\\Controllers\\FeedbackController->finish()
#2 C:\\Users\\dentrodahistoria\\Desktop\\Honda Geral\\honda-quiz-formula-um\\gpquiz\\vendor\\laravel\\framework\\src\\Illuminate\\Routing\\Controller.php(54): call_user_func_array(Array, Array)
#3 C:\\Users\\dentrodahistoria\\Desktop\\Honda Geral\\honda-quiz-formula-um\\gpquiz\\vendor\\laravel\\framework\\src\\Illuminate\\Routing\\ControllerDispatcher.php(45): Illuminate\\Routing\\Controller->callAction('finish', Array)
#4 C:\\Users\\dentrodahistoria\\Desktop\\Honda Geral\\honda-quiz-formula-um\\gpquiz\\vendor\\laravel\\framework\\src\\Illuminate\\Routing\\Route.php(219): Illuminate\\Routing\\ControllerDispatcher->dispatch(Object(Illuminate\\Routing\\Route), Object(App\\Http\\Controllers\\FeedbackController), 'finish')
#5 C:\\Users\\dentrodahistoria\\Desktop\\Honda Geral\\honda-quiz-formula-um\\gpquiz\\vendor\\laravel\\framework\\src\\Illuminate\\Routing\\Route.php(176): Illuminate\\Routing\\Route->runController()
#6 C:\\Users\\dentrodahistoria\\Desktop\\Honda Geral\\honda-quiz-formula-um\\gpquiz\\vendor\\laravel\\framework\\src\\Illuminate\\Routing\\Router.php(682): Illuminate\\Routing\\Route->run()
#7 C:\\Users\\dentrodahistoria\\Desktop\\Honda Geral\\honda-quiz-formula-um\\gpquiz\\vendor\\laravel\\framework\\src\\Illuminate\\Routing\\Pipeline.php(30): Illuminate\\Routing\\Router->Illuminate\\Routing\\{closure}(Object(Illuminate\\Http\\Request))
#8 C:\\Users\\dentrodahistoria\\Desktop\\Honda Geral\\honda-quiz-formula-um\\gpquiz\\vendor\\laravel\\framework\\src\\Illuminate\\Routing\\Middleware\\SubstituteBindings.php(41): Illuminate\\Routing\\Pipeline->Illuminate\\Routing\\{closure}(Object(Illuminate\\Http\\Request))
#9 C:\\Users\\dentrodahistoria\\Desktop\\Honda Geral\\honda-quiz-formula-um\\gpquiz\\vendor\\laravel\\framework\\src\\Illuminate\\Pipeline\\Pipeline.php(163): Illuminate\\Routing\\Middleware\\SubstituteBindings->handle(Object(Illuminate\\Http\\Request), Object(Closure))
#10 C:\\Users\\dentrodahistoria\\Desktop\\Honda Geral\\honda-quiz-formula-um\\gpquiz\\vendor\\laravel\\framework\\src\\Illuminate\\Routing\\Pipeline.php(53): Illuminate\\Pipeline\\Pipeline->Illuminate\\Pipeline\\{closure}(Object(Illuminate\\Http\\Request))
#11 C:\\Users\\dentrodahistoria\\Desktop\\Honda Geral\\honda-quiz-formula-um\\gpquiz\\vendor\\laravel\\framework\\src\\Illuminate\\Foundation\\Http\\Middleware\\VerifyCsrfToken.php(75): Illuminate\\Routing\\Pipeline->Illuminate\\Routing\\{closure}(Object(Illuminate\\Http\\Request))
#12 C:\\Users\\dentrodahistoria\\Desktop\\Honda Geral\\honda-quiz-formula-um\\gpquiz\\vendor\\laravel\\framework\\src\\Illuminate\\Pipeline\\Pipeline.php(163): Illuminate\\Foundation\\Http\\Middleware\\VerifyCsrfToken->handle(Object(Illuminate\\Http\\Request), Object(Closure))
#13 C:\\Users\\dentrodahistoria\\Desktop\\Honda Geral\\honda-quiz-formula-um\\gpquiz\\vendor\\laravel\\framework\\src\\Illuminate\\Routing\\Pipeline.php(53): Illuminate\\Pipeline\\Pipeline->Illuminate\\Pipeline\\{closure}(Object(Illuminate\\Http\\Request))
#14 C:\\Users\\dentrodahistoria\\Desktop\\Honda Geral\\honda-quiz-formula-um\\gpquiz\\vendor\\laravel\\framework\\src\\Illuminate\\View\\Middleware\\ShareErrorsFromSession.php(49): Illuminate\\Routing\\Pipeline->Illuminate\\Routing\\{closure}(Object(Illuminate\\Http\\Request))
#15 C:\\Users\\dentrodahistoria\\Desktop\\Honda Geral\\honda-quiz-formula-um\\gpquiz\\vendor\\laravel\\framework\\src\\Illuminate\\Pipeline\\Pipeline.php(163): Illuminate\\View\\Middleware\\ShareErrorsFromSession->handle(Object(Illuminate\\Http\\Request), Object(Closure))
#16 C:\\Users\\dentrodahistoria\\Desktop\\Honda Geral\\honda-quiz-formula-um\\gpquiz\\vendor\\laravel\\framework\\src\\Illuminate\\Routing\\Pipeline.php(53): Illuminate\\Pipeline\\Pipeline->Illuminate\\Pipeline\\{closure}(Object(Illuminate\\Http\\Request))
#17 C:\\Users\\dentrodahistoria\\Desktop\\Honda Geral\\honda-quiz-formula-um\\gpquiz\\vendor\\laravel\\framework\\src\\Illuminate\\Session\\Middleware\\StartSession.php(63): Illuminate\\Routing\\Pipeline->Illuminate\\Routing\\{closure}(Object(Illuminate\\Http\\Request))
#18 C:\\Users\\dentrodahistoria\\Desktop\\Honda Geral\\honda-quiz-formula-um\\gpquiz\\vendor\\laravel\\framework\\src\\Illuminate\\Pipeline\\Pipeline.php(163): Illuminate\\Session\\Middleware\\StartSession->handle(Object(Illuminate\\Http\\Request), Object(Closure))
#19 C:\\Users\\dentrodahistoria\\Desktop\\Honda Geral\\honda-quiz-formula-um\\gpquiz\\vendor\\laravel\\framework\\src\\Illuminate\\Routing\\Pipeline.php(53): Illuminate\\Pipeline\\Pipeline->Illuminate\\Pipeline\\{closure}(Object(Illuminate\\Http\\Request))
#20 C:\\Users\\dentrodahistoria\\Desktop\\Honda Geral\\honda-quiz-formula-um\\gpquiz\\vendor\\laravel\\framework\\src\\Illuminate\\Cookie\\Middleware\\AddQueuedCookiesToResponse.php(37): Illuminate\\Routing\\Pipeline->Illuminate\\Routing\\{closure}(Object(Illuminate\\Http\\Request))
#21 C:\\Users\\dentrodahistoria\\Desktop\\Honda Geral\\honda-quiz-formula-um\\gpquiz\\vendor\\laravel\\framework\\src\\Illuminate\\Pipeline\\Pipeline.php(163): Illuminate\\Cookie\\Middleware\\AddQueuedCookiesToResponse->handle(Object(Illuminate\\Http\\Request), Object(Closure))
#22 C:\\Users\\dentrodahistoria\\Desktop\\Honda Geral\\honda-quiz-formula-um\\gpquiz\\vendor\\laravel\\framework\\src\\Illuminate\\Routing\\Pipeline.php(53): Illuminate\\Pipeline\\Pipeline->Illuminate\\Pipeline\\{closure}(Object(Illuminate\\Http\\Request))
#23 C:\\Users\\dentrodahistoria\\Desktop\\Honda Geral\\honda-quiz-formula-um\\gpquiz\\vendor\\laravel\\framework\\src\\Illuminate\\Cookie\\Middleware\\EncryptCookies.php(66): Illuminate\\Routing\\Pipeline->Illuminate\\Routing\\{closure}(Object(Illuminate\\Http\\Request))
#24 C:\\Users\\dentrodahistoria\\Desktop\\Honda Geral\\honda-quiz-formula-um\\gpquiz\\vendor\\laravel\\framework\\src\\Illuminate\\Pipeline\\Pipeline.php(163): Illuminate\\Cookie\\Middleware\\EncryptCookies->handle(Object(Illuminate\\Http\\Request), Object(Closure))
#25 C:\\Users\\dentrodahistoria\\Desktop\\Honda Geral\\honda-quiz-formula-um\\gpquiz\\vendor\\laravel\\framework\\src\\Illuminate\\Routing\\Pipeline.php(53): Illuminate\\Pipeline\\Pipeline->Illuminate\\Pipeline\\{closure}(Object(Illuminate\\Http\\Request))
#26 C:\\Users\\dentrodahistoria\\Desktop\\Honda Geral\\honda-quiz-formula-um\\gpquiz\\vendor\\laravel\\framework\\src\\Illuminate\\Pipeline\\Pipeline.php(104): Illuminate\\Routing\\Pipeline->Illuminate\\Routing\\{closure}(Object(Illuminate\\Http\\Request))
#27 C:\\Users\\dentrodahistoria\\Desktop\\Honda Geral\\honda-quiz-formula-um\\gpquiz\\vendor\\laravel\\framework\\src\\Illuminate\\Routing\\Router.php(684): Illuminate\\Pipeline\\Pipeline->then(Object(Closure))
#28 C:\\Users\\dentrodahistoria\\Desktop\\Honda Geral\\honda-quiz-formula-um\\gpquiz\\vendor\\laravel\\framework\\src\\Illuminate\\Routing\\Router.php(659): Illuminate\\Routing\\Router->runRouteWithinStack(Object(Illuminate\\Routing\\Route), Object(Illuminate\\Http\\Request))
#29 C:\\Users\\dentrodahistoria\\Desktop\\Honda Geral\\honda-quiz-formula-um\\gpquiz\\vendor\\laravel\\framework\\src\\Illuminate\\Routing\\Router.php(625): Illuminate\\Routing\\Router->runRoute(Object(Illuminate\\Http\\Request), Object(Illuminate\\Routing\\Route))
#30 C:\\Users\\dentrodahistoria\\Desktop\\Honda Geral\\honda-quiz-formula-um\\gpquiz\\vendor\\laravel\\framework\\src\\Illuminate\\Routing\\Router.php(614): Illuminate\\Routing\\Router->dispatchToRoute(Object(Illuminate\\Http\\Request))
#31 C:\\Users\\dentrodahistoria\\Desktop\\Honda Geral\\honda-quiz-formula-um\\gpquiz\\vendor\\laravel\\framework\\src\\Illuminate\\Foundation\\Http\\Kernel.php(176): Illuminate\\Routing\\Router->dispatch(Object(Illuminate\\Http\\Request))
#32 C:\\Users\\dentrodahistoria\\Desktop\\Honda Geral\\honda-quiz-formula-um\\gpquiz\\vendor\\laravel\\framework\\src\\Illuminate\\Routing\\Pipeline.php(30): Illuminate\\Foundation\\Http\\Kernel->Illuminate\\Foundation\\Http\\{closure}(Object(Illuminate\\Http\\Request))
#33 C:\\Users\\dentrodahistoria\\Desktop\\Honda Geral\\honda-quiz-formula-um\\gpquiz\\vendor\\fideloper\\proxy\\src\\TrustProxies.php(57): Illuminate\\Routing\\Pipeline->Illuminate\\Routing\\{closure}(Object(Illuminate\\Http\\Request))
#34 C:\\Users\\dentrodahistoria\\Desktop\\Honda Geral\\honda-quiz-formula-um\\gpquiz\\vendor\\laravel\\framework\\src\\Illuminate\\Pipeline\\Pipeline.php(163): Fideloper\\Proxy\\TrustProxies->handle(Object(Illuminate\\Http\\Request), Object(Closure))
#35 C:\\Users\\dentrodahistoria\\Desktop\\Honda Geral\\honda-quiz-formula-um\\gpquiz\\vendor\\laravel\\framework\\src\\Illuminate\\Routing\\Pipeline.php(53): Illuminate\\Pipeline\\Pipeline->Illuminate\\Pipeline\\{closure}(Object(Illuminate\\Http\\Request))
#36 C:\\Users\\dentrodahistoria\\Desktop\\Honda Geral\\honda-quiz-formula-um\\gpquiz\\vendor\\laravel\\framework\\src\\Illuminate\\Foundation\\Http\\Middleware\\TransformsRequest.php(31): Illuminate\\Routing\\Pipeline->Illuminate\\Routing\\{closure}(Object(Illuminate\\Http\\Request))
#37 C:\\Users\\dentrodahistoria\\Desktop\\Honda Geral\\honda-quiz-formula-um\\gpquiz\\vendor\\laravel\\framework\\src\\Illuminate\\Pipeline\\Pipeline.php(163): Illuminate\\Foundation\\Http\\Middleware\\TransformsRequest->handle(Object(Illuminate\\Http\\Request), Object(Closure))
#38 C:\\Users\\dentrodahistoria\\Desktop\\Honda Geral\\honda-quiz-formula-um\\gpquiz\\vendor\\laravel\\framework\\src\\Illuminate\\Routing\\Pipeline.php(53): Illuminate\\Pipeline\\Pipeline->Illuminate\\Pipeline\\{closure}(Object(Illuminate\\Http\\Request))
#39 C:\\Users\\dentrodahistoria\\Desktop\\Honda Geral\\honda-quiz-formula-um\\gpquiz\\vendor\\laravel\\framework\\src\\Illuminate\\Foundation\\Http\\Middleware\\TransformsRequest.php(31): Illuminate\\Routing\\Pipeline->Illuminate\\Routing\\{closure}(Object(Illuminate\\Http\\Request))
#40 C:\\Users\\dentrodahistoria\\Desktop\\Honda Geral\\honda-quiz-formula-um\\gpquiz\\vendor\\laravel\\framework\\src\\Illuminate\\Pipeline\\Pipeline.php(163): Illuminate\\Foundation\\Http\\Middleware\\TransformsRequest->handle(Object(Illuminate\\Http\\Request), Object(Closure))
#41 C:\\Users\\dentrodahistoria\\Desktop\\Honda Geral\\honda-quiz-formula-um\\gpquiz\\vendor\\laravel\\framework\\src\\Illuminate\\Routing\\Pipeline.php(53): Illuminate\\Pipeline\\Pipeline->Illuminate\\Pipeline\\{closure}(Object(Illuminate\\Http\\Request))
#42 C:\\Users\\dentrodahistoria\\Desktop\\Honda Geral\\honda-quiz-formula-um\\gpquiz\\vendor\\laravel\\framework\\src\\Illuminate\\Foundation\\Http\\Middleware\\ValidatePostSize.php(27): Illuminate\\Routing\\Pipeline->Illuminate\\Routing\\{closure}(Object(Illuminate\\Http\\Request))
#43 C:\\Users\\dentrodahistoria\\Desktop\\Honda Geral\\honda-quiz-formula-um\\gpquiz\\vendor\\laravel\\framework\\src\\Illuminate\\Pipeline\\Pipeline.php(163): Illuminate\\Foundation\\Http\\Middleware\\ValidatePostSize->handle(Object(Illuminate\\Http\\Request), Object(Closure))
#44 C:\\Users\\dentrodahistoria\\Desktop\\Honda Geral\\honda-quiz-formula-um\\gpquiz\\vendor\\laravel\\framework\\src\\Illuminate\\Routing\\Pipeline.php(53): Illuminate\\Pipeline\\Pipeline->Illuminate\\Pipeline\\{closure}(Object(Illuminate\\Http\\Request))
#45 C:\\Users\\dentrodahistoria\\Desktop\\Honda Geral\\honda-quiz-formula-um\\gpquiz\\vendor\\laravel\\framework\\src\\Illuminate\\Foundation\\Http\\Middleware\\CheckForMaintenanceMode.php(62): Illuminate\\Routing\\Pipeline->Illuminate\\Routing\\{closure}(Object(Illuminate\\Http\\Request))
#46 C:\\Users\\dentrodahistoria\\Desktop\\Honda Geral\\honda-quiz-formula-um\\gpquiz\\vendor\\laravel\\framework\\src\\Illuminate\\Pipeline\\Pipeline.php(163): Illuminate\\Foundation\\Http\\Middleware\\CheckForMaintenanceMode->handle(Object(Illuminate\\Http\\Request), Object(Closure))
#47 C:\\Users\\dentrodahistoria\\Desktop\\Honda Geral\\honda-quiz-formula-um\\gpquiz\\vendor\\laravel\\framework\\src\\Illuminate\\Routing\\Pipeline.php(53): Illuminate\\Pipeline\\Pipeline->Illuminate\\Pipeline\\{closure}(Object(Illuminate\\Http\\Request))
#48 C:\\Users\\dentrodahistoria\\Desktop\\Honda Geral\\honda-quiz-formula-um\\gpquiz\\vendor\\laravel\\framework\\src\\Illuminate\\Pipeline\\Pipeline.php(104): Illuminate\\Routing\\Pipeline->Illuminate\\Routing\\{closure}(Object(Illuminate\\Http\\Request))
#49 C:\\Users\\dentrodahistoria\\Desktop\\Honda Geral\\honda-quiz-formula-um\\gpquiz\\vendor\\laravel\\framework\\src\\Illuminate\\Foundation\\Http\\Kernel.php(151): Illuminate\\Pipeline\\Pipeline->then(Object(Closure))
#50 C:\\Users\\dentrodahistoria\\Desktop\\Honda Geral\\honda-quiz-formula-um\\gpquiz\\vendor\\laravel\\framework\\src\\Illuminate\\Foundation\\Http\\Kernel.php(116): Illuminate\\Foundation\\Http\\Kernel->sendRequestThroughRouter(Object(Illuminate\\Http\\Request))
#51 C:\\Users\\dentrodahistoria\\Desktop\\Honda Geral\\honda-quiz-formula-um\\gpquiz\\public\\index.php(59): Illuminate\\Foundation\\Http\\Kernel->handle(Object(Illuminate\\Http\\Request))
#52 C:\\Users\\dentrodahistoria\\Desktop\\Honda Geral\\honda-quiz-formula-um\\gpquiz\\server.php(21): require_once('C:\\\\Users\\\\dentro...')
#53 {main}
"} 
[2019-10-22 04:39:37] local.ERROR: SQLSTATE[HY000] [1049] Unknown database 'gpquiz' (SQL: select * from `registers` where `winner` = 1 order by `name` asc) {"exception":"[object] (Illuminate\\Database\\QueryException(code: 1049): SQLSTATE[HY000] [1049] Unknown database 'gpquiz' (SQL: select * from `registers` where `winner` = 1 order by `name` asc) at C:\\Users\\dentrodahistoria\\Desktop\\Honda Geral\\honda-quiz-formula-um\\gpquiz\\vendor\\laravel\\framework\\src\\Illuminate\\Database\\Connection.php:664, PDOException(code: 1049): SQLSTATE[HY000] [1049] Unknown database 'gpquiz' at C:\\Users\\dentrodahistoria\\Desktop\\Honda Geral\\honda-quiz-formula-um\\gpquiz\\vendor\\laravel\\framework\\src\\Illuminate\\Database\\Connectors\\Connector.php:70)
[stacktrace]
#0 C:\\Users\\dentrodahistoria\\Desktop\\Honda Geral\\honda-quiz-formula-um\\gpquiz\\vendor\\laravel\\framework\\src\\Illuminate\\Database\\Connection.php(624): Illuminate\\Database\\Connection->runQueryCallback('select * from `...', Array, Object(Closure))
#1 C:\\Users\\dentrodahistoria\\Desktop\\Honda Geral\\honda-quiz-formula-um\\gpquiz\\vendor\\laravel\\framework\\src\\Illuminate\\Database\\Connection.php(333): Illuminate\\Database\\Connection->run('select * from `...', Array, Object(Closure))
#2 C:\\Users\\dentrodahistoria\\Desktop\\Honda Geral\\honda-quiz-formula-um\\gpquiz\\vendor\\laravel\\framework\\src\\Illuminate\\Database\\Query\\Builder.php(2095): Illuminate\\Database\\Connection->select('select * from `...', Array, true)
#3 C:\\Users\\dentrodahistoria\\Desktop\\Honda Geral\\honda-quiz-formula-um\\gpquiz\\vendor\\laravel\\framework\\src\\Illuminate\\Database\\Query\\Builder.php(2083): Illuminate\\Database\\Query\\Builder->runSelect()
#4 C:\\Users\\dentrodahistoria\\Desktop\\Honda Geral\\honda-quiz-formula-um\\gpquiz\\vendor\\laravel\\framework\\src\\Illuminate\\Database\\Query\\Builder.php(2569): Illuminate\\Database\\Query\\Builder->Illuminate\\Database\\Query\\{closure}()
#5 C:\\Users\\dentrodahistoria\\Desktop\\Honda Geral\\honda-quiz-formula-um\\gpquiz\\vendor\\laravel\\framework\\src\\Illuminate\\Database\\Query\\Builder.php(2084): Illuminate\\Database\\Query\\Builder->onceWithColumns(Array, Object(Closure))
#6 C:\\Users\\dentrodahistoria\\Desktop\\Honda Geral\\honda-quiz-formula-um\\gpquiz\\vendor\\laravel\\framework\\src\\Illuminate\\Database\\Eloquent\\Builder.php(519): Illuminate\\Database\\Query\\Builder->get(Array)
#7 C:\\Users\\dentrodahistoria\\Desktop\\Honda Geral\\honda-quiz-formula-um\\gpquiz\\vendor\\laravel\\framework\\src\\Illuminate\\Database\\Eloquent\\Builder.php(503): Illuminate\\Database\\Eloquent\\Builder->getModels(Array)
#8 C:\\Users\\dentrodahistoria\\Desktop\\Honda Geral\\honda-quiz-formula-um\\gpquiz\\app\\Http\\Controllers\\RegisterController.php(233): Illuminate\\Database\\Eloquent\\Builder->get()
#9 [internal function]: App\\Http\\Controllers\\RegisterController->finish()
#10 C:\\Users\\dentrodahistoria\\Desktop\\Honda Geral\\honda-quiz-formula-um\\gpquiz\\vendor\\laravel\\framework\\src\\Illuminate\\Routing\\Controller.php(54): call_user_func_array(Array, Array)
#11 C:\\Users\\dentrodahistoria\\Desktop\\Honda Geral\\honda-quiz-formula-um\\gpquiz\\vendor\\laravel\\framework\\src\\Illuminate\\Routing\\ControllerDispatcher.php(45): Illuminate\\Routing\\Controller->callAction('finish', Array)
#12 C:\\Users\\dentrodahistoria\\Desktop\\Honda Geral\\honda-quiz-formula-um\\gpquiz\\vendor\\laravel\\framework\\src\\Illuminate\\Routing\\Route.php(219): Illuminate\\Routing\\ControllerDispatcher->dispatch(Object(Illuminate\\Routing\\Route), Object(App\\Http\\Controllers\\RegisterController), 'finish')
#13 C:\\Users\\dentrodahistoria\\Desktop\\Honda Geral\\honda-quiz-formula-um\\gpquiz\\vendor\\laravel\\framework\\src\\Illuminate\\Routing\\Route.php(176): Illuminate\\Routing\\Route->runController()
#14 C:\\Users\\dentrodahistoria\\Desktop\\Honda Geral\\honda-quiz-formula-um\\gpquiz\\vendor\\laravel\\framework\\src\\Illuminate\\Routing\\Router.php(682): Illuminate\\Routing\\Route->run()
#15 C:\\Users\\dentrodahistoria\\Desktop\\Honda Geral\\honda-quiz-formula-um\\gpquiz\\vendor\\laravel\\framework\\src\\Illuminate\\Routing\\Pipeline.php(30): Illuminate\\Routing\\Router->Illuminate\\Routing\\{closure}(Object(Illuminate\\Http\\Request))
#16 C:\\Users\\dentrodahistoria\\Desktop\\Honda Geral\\honda-quiz-formula-um\\gpquiz\\vendor\\laravel\\framework\\src\\Illuminate\\Routing\\Middleware\\SubstituteBindings.php(41): Illuminate\\Routing\\Pipeline->Illuminate\\Routing\\{closure}(Object(Illuminate\\Http\\Request))
#17 C:\\Users\\dentrodahistoria\\Desktop\\Honda Geral\\honda-quiz-formula-um\\gpquiz\\vendor\\laravel\\framework\\src\\Illuminate\\Pipeline\\Pipeline.php(163): Illuminate\\Routing\\Middleware\\SubstituteBindings->handle(Object(Illuminate\\Http\\Request), Object(Closure))
#18 C:\\Users\\dentrodahistoria\\Desktop\\Honda Geral\\honda-quiz-formula-um\\gpquiz\\vendor\\laravel\\framework\\src\\Illuminate\\Routing\\Pipeline.php(53): Illuminate\\Pipeline\\Pipeline->Illuminate\\Pipeline\\{closure}(Object(Illuminate\\Http\\Request))
#19 C:\\Users\\dentrodahistoria\\Desktop\\Honda Geral\\honda-quiz-formula-um\\gpquiz\\vendor\\laravel\\framework\\src\\Illuminate\\Foundation\\Http\\Middleware\\VerifyCsrfToken.php(75): Illuminate\\Routing\\Pipeline->Illuminate\\Routing\\{closure}(Object(Illuminate\\Http\\Request))
#20 C:\\Users\\dentrodahistoria\\Desktop\\Honda Geral\\honda-quiz-formula-um\\gpquiz\\vendor\\laravel\\framework\\src\\Illuminate\\Pipeline\\Pipeline.php(163): Illuminate\\Foundation\\Http\\Middleware\\VerifyCsrfToken->handle(Object(Illuminate\\Http\\Request), Object(Closure))
#21 C:\\Users\\dentrodahistoria\\Desktop\\Honda Geral\\honda-quiz-formula-um\\gpquiz\\vendor\\laravel\\framework\\src\\Illuminate\\Routing\\Pipeline.php(53): Illuminate\\Pipeline\\Pipeline->Illuminate\\Pipeline\\{closure}(Object(Illuminate\\Http\\Request))
#22 C:\\Users\\dentrodahistoria\\Desktop\\Honda Geral\\honda-quiz-formula-um\\gpquiz\\vendor\\laravel\\framework\\src\\Illuminate\\View\\Middleware\\ShareErrorsFromSession.php(49): Illuminate\\Routing\\Pipeline->Illuminate\\Routing\\{closure}(Object(Illuminate\\Http\\Request))
#23 C:\\Users\\dentrodahistoria\\Desktop\\Honda Geral\\honda-quiz-formula-um\\gpquiz\\vendor\\laravel\\framework\\src\\Illuminate\\Pipeline\\Pipeline.php(163): Illuminate\\View\\Middleware\\ShareErrorsFromSession->handle(Object(Illuminate\\Http\\Request), Object(Closure))
#24 C:\\Users\\dentrodahistoria\\Desktop\\Honda Geral\\honda-quiz-formula-um\\gpquiz\\vendor\\laravel\\framework\\src\\Illuminate\\Routing\\Pipeline.php(53): Illuminate\\Pipeline\\Pipeline->Illuminate\\Pipeline\\{closure}(Object(Illuminate\\Http\\Request))
#25 C:\\Users\\dentrodahistoria\\Desktop\\Honda Geral\\honda-quiz-formula-um\\gpquiz\\vendor\\laravel\\framework\\src\\Illuminate\\Session\\Middleware\\StartSession.php(63): Illuminate\\Routing\\Pipeline->Illuminate\\Routing\\{closure}(Object(Illuminate\\Http\\Request))
#26 C:\\Users\\dentrodahistoria\\Desktop\\Honda Geral\\honda-quiz-formula-um\\gpquiz\\vendor\\laravel\\framework\\src\\Illuminate\\Pipeline\\Pipeline.php(163): Illuminate\\Session\\Middleware\\StartSession->handle(Object(Illuminate\\Http\\Request), Object(Closure))
#27 C:\\Users\\dentrodahistoria\\Desktop\\Honda Geral\\honda-quiz-formula-um\\gpquiz\\vendor\\laravel\\framework\\src\\Illuminate\\Routing\\Pipeline.php(53): Illuminate\\Pipeline\\Pipeline->Illuminate\\Pipeline\\{closure}(Object(Illuminate\\Http\\Request))
#28 C:\\Users\\dentrodahistoria\\Desktop\\Honda Geral\\honda-quiz-formula-um\\gpquiz\\vendor\\laravel\\framework\\src\\Illuminate\\Cookie\\Middleware\\AddQueuedCookiesToResponse.php(37): Illuminate\\Routing\\Pipeline->Illuminate\\Routing\\{closure}(Object(Illuminate\\Http\\Request))
#29 C:\\Users\\dentrodahistoria\\Desktop\\Honda Geral\\honda-quiz-formula-um\\gpquiz\\vendor\\laravel\\framework\\src\\Illuminate\\Pipeline\\Pipeline.php(163): Illuminate\\Cookie\\Middleware\\AddQueuedCookiesToResponse->handle(Object(Illuminate\\Http\\Request), Object(Closure))
#30 C:\\Users\\dentrodahistoria\\Desktop\\Honda Geral\\honda-quiz-formula-um\\gpquiz\\vendor\\laravel\\framework\\src\\Illuminate\\Routing\\Pipeline.php(53): Illuminate\\Pipeline\\Pipeline->Illuminate\\Pipeline\\{closure}(Object(Illuminate\\Http\\Request))
#31 C:\\Users\\dentrodahistoria\\Desktop\\Honda Geral\\honda-quiz-formula-um\\gpquiz\\vendor\\laravel\\framework\\src\\Illuminate\\Cookie\\Middleware\\EncryptCookies.php(66): Illuminate\\Routing\\Pipeline->Illuminate\\Routing\\{closure}(Object(Illuminate\\Http\\Request))
#32 C:\\Users\\dentrodahistoria\\Desktop\\Honda Geral\\honda-quiz-formula-um\\gpquiz\\vendor\\laravel\\framework\\src\\Illuminate\\Pipeline\\Pipeline.php(163): Illuminate\\Cookie\\Middleware\\EncryptCookies->handle(Object(Illuminate\\Http\\Request), Object(Closure))
#33 C:\\Users\\dentrodahistoria\\Desktop\\Honda Geral\\honda-quiz-formula-um\\gpquiz\\vendor\\laravel\\framework\\src\\Illuminate\\Routing\\Pipeline.php(53): Illuminate\\Pipeline\\Pipeline->Illuminate\\Pipeline\\{closure}(Object(Illuminate\\Http\\Request))
#34 C:\\Users\\dentrodahistoria\\Desktop\\Honda Geral\\honda-quiz-formula-um\\gpquiz\\vendor\\laravel\\framework\\src\\Illuminate\\Pipeline\\Pipeline.php(104): Illuminate\\Routing\\Pipeline->Illuminate\\Routing\\{closure}(Object(Illuminate\\Http\\Request))
#35 C:\\Users\\dentrodahistoria\\Desktop\\Honda Geral\\honda-quiz-formula-um\\gpquiz\\vendor\\laravel\\framework\\src\\Illuminate\\Routing\\Router.php(684): Illuminate\\Pipeline\\Pipeline->then(Object(Closure))
#36 C:\\Users\\dentrodahistoria\\Desktop\\Honda Geral\\honda-quiz-formula-um\\gpquiz\\vendor\\laravel\\framework\\src\\Illuminate\\Routing\\Router.php(659): Illuminate\\Routing\\Router->runRouteWithinStack(Object(Illuminate\\Routing\\Route), Object(Illuminate\\Http\\Request))
#37 C:\\Users\\dentrodahistoria\\Desktop\\Honda Geral\\honda-quiz-formula-um\\gpquiz\\vendor\\laravel\\framework\\src\\Illuminate\\Routing\\Router.php(625): Illuminate\\Routing\\Router->runRoute(Object(Illuminate\\Http\\Request), Object(Illuminate\\Routing\\Route))
#38 C:\\Users\\dentrodahistoria\\Desktop\\Honda Geral\\honda-quiz-formula-um\\gpquiz\\vendor\\laravel\\framework\\src\\Illuminate\\Routing\\Router.php(614): Illuminate\\Routing\\Router->dispatchToRoute(Object(Illuminate\\Http\\Request))
#39 C:\\Users\\dentrodahistoria\\Desktop\\Honda Geral\\honda-quiz-formula-um\\gpquiz\\vendor\\laravel\\framework\\src\\Illuminate\\Foundation\\Http\\Kernel.php(176): Illuminate\\Routing\\Router->dispatch(Object(Illuminate\\Http\\Request))
#40 C:\\Users\\dentrodahistoria\\Desktop\\Honda Geral\\honda-quiz-formula-um\\gpquiz\\vendor\\laravel\\framework\\src\\Illuminate\\Routing\\Pipeline.php(30): Illuminate\\Foundation\\Http\\Kernel->Illuminate\\Foundation\\Http\\{closure}(Object(Illuminate\\Http\\Request))
#41 C:\\Users\\dentrodahistoria\\Desktop\\Honda Geral\\honda-quiz-formula-um\\gpquiz\\vendor\\fideloper\\proxy\\src\\TrustProxies.php(57): Illuminate\\Routing\\Pipeline->Illuminate\\Routing\\{closure}(Object(Illuminate\\Http\\Request))
#42 C:\\Users\\dentrodahistoria\\Desktop\\Honda Geral\\honda-quiz-formula-um\\gpquiz\\vendor\\laravel\\framework\\src\\Illuminate\\Pipeline\\Pipeline.php(163): Fideloper\\Proxy\\TrustProxies->handle(Object(Illuminate\\Http\\Request), Object(Closure))
#43 C:\\Users\\dentrodahistoria\\Desktop\\Honda Geral\\honda-quiz-formula-um\\gpquiz\\vendor\\laravel\\framework\\src\\Illuminate\\Routing\\Pipeline.php(53): Illuminate\\Pipeline\\Pipeline->Illuminate\\Pipeline\\{closure}(Object(Illuminate\\Http\\Request))
#44 C:\\Users\\dentrodahistoria\\Desktop\\Honda Geral\\honda-quiz-formula-um\\gpquiz\\vendor\\laravel\\framework\\src\\Illuminate\\Foundation\\Http\\Middleware\\TransformsRequest.php(31): Illuminate\\Routing\\Pipeline->Illuminate\\Routing\\{closure}(Object(Illuminate\\Http\\Request))
#45 C:\\Users\\dentrodahistoria\\Desktop\\Honda Geral\\honda-quiz-formula-um\\gpquiz\\vendor\\laravel\\framework\\src\\Illuminate\\Pipeline\\Pipeline.php(163): Illuminate\\Foundation\\Http\\Middleware\\TransformsRequest->handle(Object(Illuminate\\Http\\Request), Object(Closure))
#46 C:\\Users\\dentrodahistoria\\Desktop\\Honda Geral\\honda-quiz-formula-um\\gpquiz\\vendor\\laravel\\framework\\src\\Illuminate\\Routing\\Pipeline.php(53): Illuminate\\Pipeline\\Pipeline->Illuminate\\Pipeline\\{closure}(Object(Illuminate\\Http\\Request))
#47 C:\\Users\\dentrodahistoria\\Desktop\\Honda Geral\\honda-quiz-formula-um\\gpquiz\\vendor\\laravel\\framework\\src\\Illuminate\\Foundation\\Http\\Middleware\\TransformsRequest.php(31): Illuminate\\Routing\\Pipeline->Illuminate\\Routing\\{closure}(Object(Illuminate\\Http\\Request))
#48 C:\\Users\\dentrodahistoria\\Desktop\\Honda Geral\\honda-quiz-formula-um\\gpquiz\\vendor\\laravel\\framework\\src\\Illuminate\\Pipeline\\Pipeline.php(163): Illuminate\\Foundation\\Http\\Middleware\\TransformsRequest->handle(Object(Illuminate\\Http\\Request), Object(Closure))
#49 C:\\Users\\dentrodahistoria\\Desktop\\Honda Geral\\honda-quiz-formula-um\\gpquiz\\vendor\\laravel\\framework\\src\\Illuminate\\Routing\\Pipeline.php(53): Illuminate\\Pipeline\\Pipeline->Illuminate\\Pipeline\\{closure}(Object(Illuminate\\Http\\Request))
#50 C:\\Users\\dentrodahistoria\\Desktop\\Honda Geral\\honda-quiz-formula-um\\gpquiz\\vendor\\laravel\\framework\\src\\Illuminate\\Foundation\\Http\\Middleware\\ValidatePostSize.php(27): Illuminate\\Routing\\Pipeline->Illuminate\\Routing\\{closure}(Object(Illuminate\\Http\\Request))
#51 C:\\Users\\dentrodahistoria\\Desktop\\Honda Geral\\honda-quiz-formula-um\\gpquiz\\vendor\\laravel\\framework\\src\\Illuminate\\Pipeline\\Pipeline.php(163): Illuminate\\Foundation\\Http\\Middleware\\ValidatePostSize->handle(Object(Illuminate\\Http\\Request), Object(Closure))
#52 C:\\Users\\dentrodahistoria\\Desktop\\Honda Geral\\honda-quiz-formula-um\\gpquiz\\vendor\\laravel\\framework\\src\\Illuminate\\Routing\\Pipeline.php(53): Illuminate\\Pipeline\\Pipeline->Illuminate\\Pipeline\\{closure}(Object(Illuminate\\Http\\Request))
#53 C:\\Users\\dentrodahistoria\\Desktop\\Honda Geral\\honda-quiz-formula-um\\gpquiz\\vendor\\laravel\\framework\\src\\Illuminate\\Foundation\\Http\\Middleware\\CheckForMaintenanceMode.php(62): Illuminate\\Routing\\Pipeline->Illuminate\\Routing\\{closure}(Object(Illuminate\\Http\\Request))
#54 C:\\Users\\dentrodahistoria\\Desktop\\Honda Geral\\honda-quiz-formula-um\\gpquiz\\vendor\\laravel\\framework\\src\\Illuminate\\Pipeline\\Pipeline.php(163): Illuminate\\Foundation\\Http\\Middleware\\CheckForMaintenanceMode->handle(Object(Illuminate\\Http\\Request), Object(Closure))
#55 C:\\Users\\dentrodahistoria\\Desktop\\Honda Geral\\honda-quiz-formula-um\\gpquiz\\vendor\\laravel\\framework\\src\\Illuminate\\Routing\\Pipeline.php(53): Illuminate\\Pipeline\\Pipeline->Illuminate\\Pipeline\\{closure}(Object(Illuminate\\Http\\Request))
#56 C:\\Users\\dentrodahistoria\\Desktop\\Honda Geral\\honda-quiz-formula-um\\gpquiz\\vendor\\laravel\\framework\\src\\Illuminate\\Pipeline\\Pipeline.php(104): Illuminate\\Routing\\Pipeline->Illuminate\\Routing\\{closure}(Object(Illuminate\\Http\\Request))
#57 C:\\Users\\dentrodahistoria\\Desktop\\Honda Geral\\honda-quiz-formula-um\\gpquiz\\vendor\\laravel\\framework\\src\\Illuminate\\Foundation\\Http\\Kernel.php(151): Illuminate\\Pipeline\\Pipeline->then(Object(Closure))
#58 C:\\Users\\dentrodahistoria\\Desktop\\Honda Geral\\honda-quiz-formula-um\\gpquiz\\vendor\\laravel\\framework\\src\\Illuminate\\Foundation\\Http\\Kernel.php(116): Illuminate\\Foundation\\Http\\Kernel->sendRequestThroughRouter(Object(Illuminate\\Http\\Request))
#59 C:\\Users\\dentrodahistoria\\Desktop\\Honda Geral\\honda-quiz-formula-um\\gpquiz\\public\\index.php(59): Illuminate\\Foundation\\Http\\Kernel->handle(Object(Illuminate\\Http\\Request))
#60 C:\\Users\\dentrodahistoria\\Desktop\\Honda Geral\\honda-quiz-formula-um\\gpquiz\\server.php(21): require_once('C:\\\\Users\\\\dentro...')
#61 {main}
"} 
